#
# A fatal error has been detected by the Java Runtime Environment:
#
#  SIGBUS (0xa) at pc=0x000000010631ecfc, pid=94227, tid=15107
#
# JRE version: OpenJDK Runtime Environment (19.0.2+7) (build 19.0.2+7-44)
# Java VM: OpenJDK 64-Bit Server VM (19.0.2+7-44, mixed mode, sharing, tiered, compressed oops, compressed class ptrs, g1 gc, bsd-aarch64)
# Problematic frame:
# V  [libjvm.dylib+0x2facfc]  ConstantPool::impl_signature_ref_at(int, bool)+0x5c
#
# No core dump will be written. Core dumps have been disabled. To enable core dumping, try "ulimit -c unlimited" before starting Java again
#
# If you would like to submit a bug report, please visit:
#   https://bugreport.java.com/bugreport/crash.jsp
#

---------------  S U M M A R Y ------------

Command Line: -Xdebug -Xnoagent -Djava.compiler=NONE -Xrunjdwp:transport=dt_socket,address=localhost:59316,server=n,suspend=y -ea -XX:+ShowCodeDetailsInExceptionMessages -Dfile.encoding=UTF-8 org.eclipse.jdt.internal.junit.runner.RemoteTestRunner -version 3 -port 59313 -testLoaderClass org.eclipse.jdt.internal.junit5.runner.JUnit5TestLoader -loaderpluginname org.eclipse.jdt.junit5.runtime -testNameFile /var/folders/43/87319spj1r510snfsnzdl89r0000gn/T/testNames11381895169641192488.txt

Host: "MacBookAir10,1" arm64, 8 cores, 8G, Darwin 21.6.0, macOS 12.6 (21G115)
Time: Mon Sep 25 15:23:19 2023 CEST elapsed time: 64.700312 seconds (0d 0h 1m 4s)

---------------  T H R E A D  ---------------

Current thread (0x0000000140045d40):  VMThread "VM Thread" [stack: 0x0000000170058000,0x000000017025b000] [id=15107]

Stack: [0x0000000170058000,0x000000017025b000],  sp=0x000000017025a030,  free space=2056k
Native frames: (J=compiled Java code, j=interpreted, Vv=VM code, C=native code)
V  [libjvm.dylib+0x2facfc]  ConstantPool::impl_signature_ref_at(int, bool)+0x5c
V  [libjvm.dylib+0x463fa8]  GenerateOopMap::do_method(int, int, int, int)+0x50
V  [libjvm.dylib+0x45f074]  GenerateOopMap::interp_bb(BasicBlock*)+0xc8
V  [libjvm.dylib+0x45e868]  GenerateOopMap::do_interpretation()+0x8c
V  [libjvm.dylib+0x464dc4]  GenerateOopMap::compute_map(Thread*)+0x198
V  [libjvm.dylib+0x82fd80]  OopMapForCacheEntry::compute_map(Thread*)+0x50
V  [libjvm.dylib+0x830a18]  OopMapCacheEntry::fill(methodHandle const&, int)+0xb4
V  [libjvm.dylib+0x8319e0]  OopMapCache::compute_one_oop_map(methodHandle const&, int, InterpreterOopMap*)+0x64
V  [libjvm.dylib+0x7e0a80]  Method::mask_for(int, InterpreterOopMap*)+0xac
V  [libjvm.dylib+0x9f7fa4]  interpretedVFrame::stack_data(bool) const+0x74
V  [libjvm.dylib+0x6b55a0]  VM_BaseGetOrSetLocal::doit()+0x184
V  [libjvm.dylib+0xa0c39c]  VM_Operation::evaluate()+0xe8
V  [libjvm.dylib+0xa104fc]  VMThread::evaluate_operation(VM_Operation*)+0x108
V  [libjvm.dylib+0xa10e68]  VMThread::inner_execute(VM_Operation*)+0x2bc
V  [libjvm.dylib+0xa101bc]  VMThread::run()+0xcc
V  [libjvm.dylib+0x990320]  Thread::call_run()+0xe0
V  [libjvm.dylib+0x83b3f8]  thread_native_entry(Thread*)+0x158
C  [libsystem_pthread.dylib+0x726c]  _pthread_start+0x94


siginfo: si_signo: 10 (SIGBUS), si_code: 1 (BUS_ADRALN), si_addr: 0x0000000130b4e9a8

Registers:
 x0=0x0000000130ace968  x1=0x00000000000000ca  x2=0x0000000000000000  x3=0x00000000000000ca
 x4=0x0000000000000003  x5=0x0000000000000020  x6=0x0000000000000000  x7=0x000000003b9ac618
 x8=0x0000000130ace9b0  x9=0x0000000130b4e9a8 x10=0x00000001064853b0 x11=0x00000000000007bb
x12=0x0000000000000003 x13=0x0000000130ad04c8 x14=0x000000012703ae90 x15=0x0000000000000198
x16=0x0000000000000048 x17=0x0000000140046740 x18=0x0000000000000000 x19=0x000000017025a660
x20=0x0000000000000001 x21=0x0000000000000003 x22=0x0000000000000000 x23=0x0000000127041be8
x24=0x000000012703a740 x25=0x0000000106bf5f68 x26=0x0000000106c62000 x27=0x0000000140040fb8
x28=0x00000001a70e7630  fp=0x000000017025a030  lr=0x0000000106487fa8  sp=0x000000017025a030
pc=0x000000010631ecfc cpsr=0x0000000060001000

Register to memory mapping:

 x0=0x0000000130ace968 is pointing into metadata
 x1=0x00000000000000ca is an unknown value
 x2=0x0 is NULL
 x3=0x00000000000000ca is an unknown value
 x4=0x0000000000000003 is an unknown value
 x5=0x0000000000000020 is an unknown value
 x6=0x0 is NULL
 x7=0x000000003b9ac618 is an unknown value
 x8=0x0000000130ace9b0 is pointing into metadata
 x9=
[error occurred during error reporting (printing register info), id 0xa, SIGBUS (0xa) at pc=0x000000010680a018]

Top of Stack: (sp=0x000000017025a030)
0x000000017025a030:   000000017025a4d0 0000000106487fa8
0x000000017025a040:   0000000000000000 0000000800476808
0x000000017025a050:   000000000000000a 0000000000000000
0x000000017025a060:   000000017025a660 0000000000000003
0x000000017025a070:   000000017025a118 000000017025a0b0
0x000000017025a080:   0000000106c4d850 0000000106c4d84c
0x000000017025a090:   000000017025a118 000000017025a118
0x000000017025a0a0:   000000017025a100 0000000106489d0c
0x000000017025a0b0:   00000001290b3068 0000006b00000026
0x000000017025a0c0:   000000000000006b 000000030000000c
0x000000017025a0d0:   0000000800470090 0000000000000000
0x000000017025a0e0:   000000017025a660 0000000000000003
0x000000017025a0f0:   0000000106aed415 000000017025a660
0x000000017025a100:   000000017025a5a0 0000000106488170
0x000000017025a110:   000000017025a198 00000001290b3068
0x000000017025a120:   000000010000000c 0000000000000000
0x000000017025a130:   000000017025a140 0000000300000002
0x000000017025a140:   4fffffff4fffffff 000000030000000a
0x000000017025a150:   0000000800470090 0000000000000000
0x000000017025a160:   0000000000000000 0000000000000004
0x000000017025a170:   0000000000000000 000000017025a7b0
0x000000017025a180:   000000017025a620 00000001064880b0
0x000000017025a190:   0000000000660f90 0000000800476808
0x000000017025a1a0:   000000000000000a 0000000000000000
0x000000017025a1b0:   000000017025a7b0 0000000000000004
0x000000017025a1c0:   000000017025a268 000000017025a200
0x000000017025a1d0:   000000017025a1f0 0000000106900ba8
0x000000017025a1e0:   000000017025a268 000000017025a268
0x000000017025a1f0:   000000017025a250 0000000106489d0c
0x000000017025a200:   0000000800476808 0000000300000002
0x000000017025a210:   0000000000000003 000000030000000a
0x000000017025a220:   0000000800470090 0000000000000000 

Instructions: (pc=0x000000010631ecfc)
0x000000010631ebfc:   a8c17bfd d65f03c0 2a2103e9 93407d29
0x000000010631ec0c:   8b091508 f9401909 91012008 8b292d09
0x000000010631ec1c:   17fffff3 a9bf7bfd 910003fd 8b21cc08
0x000000010631ec2c:   79409100 a8c17bfd d65f03c0 a9bf7bfd
0x000000010631ec3c:   910003fd 370000c2 f9400808 b4000088
0x000000010631ec4c:   37f80181 2a0103e9 1400000c f9400409
0x000000010631ec5c:   93407c28 8b080129 91001129 38bfc13f
0x000000010631ec6c:   8b080c08 79409500 a8c17bfd d65f03c0
0x000000010631ec7c:   2a2103e9 93407d29 8b091508 f9401908
0x000000010631ec8c:   92403d08 8b080c08 79409500 a8c17bfd
0x000000010631ec9c:   d65f03c0 a9bf7bfd 910003fd 37000122
0x000000010631ecac:   f9400808 b40000e8 37f80361 2a0103e9
0x000000010631ecbc:   8b091508 f9401908 92403d09 1400000b
0x000000010631eccc:   f9400408 93407c29 8b090108 91001108
0x000000010631ecdc:   38bfc108 12001d08 5100450a 7100095f
0x000000010631ecec:   54000043 7101a91f 91012008 8b090d09
0x000000010631ecfc:   b9400129 d34dfd29 927d3d29 b8696909
0x000000010631ed0c:   d34dfd29 927d3d29 f8696900 a8c17bfd
0x000000010631ed1c:   d65f03c0 2a2103e9 93407d29 8b091508
0x000000010631ed2c:   f9401909 91012008 8b292d09 17fffff1
0x000000010631ed3c:   a9bf7bfd 910003fd 8b21cc08 79409500
0x000000010631ed4c:   a8c17bfd d65f03c0 a9bf7bfd 910003fd
0x000000010631ed5c:   f9400808 93407c29 8b091508 f9401908
0x000000010631ed6c:   12003d00 a8c17bfd d65f03c0 a9bf7bfd
0x000000010631ed7c:   910003fd 37000162 f9400808 b4000128
0x000000010631ed8c:   37f80061 2a0103e9 14000003 2a2103e9
0x000000010631ed9c:   93407d29 8b091508 f9401908 12003d01
0x000000010631edac:   f9400408 8b21c108 91001108 38bfc108
0x000000010631edbc:   92401d00 a8c17bfd d65f03c0 a9bd57f6
0x000000010631edcc:   a9014ff4 a9027bfd 910083fd aa0203f5
0x000000010631eddc:   aa0103f4 aa0003f3 37f80061 36000195
0x000000010631edec:   14000011 f0003dc0 91337c00 f0003dc2 


Stack slot to memory mapping:
stack at sp + 0 slots: 0x000000017025a4d0 points into unknown readable memory: 0x000000017025a540 | 40 a5 25 70 01 00 00 00
stack at sp + 1 slots: 0x0000000106487fa8: _ZN14GenerateOopMap9do_methodEiiii+0x50 in /Users/emelieskold/Library/Java/JavaVirtualMachines/openjdk-19.0.2/Contents/Home/lib/server/libjvm.dylib at 0x0000000106024000
stack at sp + 2 slots: 0x0 is NULL
stack at sp + 3 slots: 0x0000000800476808 is pointing into metadata
stack at sp + 4 slots: 0x000000000000000a is an unknown value
stack at sp + 5 slots: 0x0 is NULL
stack at sp + 6 slots: 0x000000017025a660 points into unknown readable memory: 0x0000000106c36530 | 30 65 c3 06 01 00 00 00
stack at sp + 7 slots: 0x0000000000000003 is an unknown value

VM_Operation (0x00000001715de978): get/set locals, mode: safepoint, requested by thread 0x0000000137018600


---------------  P R O C E S S  ---------------

Threads class SMR info:
_java_thread_list=0x0000000125d834d0, length=16, elements={
0x0000000140809600, 0x00000001408b3e00, 0x00000001408b2e00, 0x00000001408b3400,
0x00000001408b4400, 0x00000001408b4a00, 0x00000001408b5000, 0x00000001408b8200,
0x00000001408c0800, 0x0000000137018600, 0x000000013701b400, 0x0000000137809600,
0x00000001408c4e00, 0x0000000137013800, 0x00000001408c9e00, 0x0000000137836a00
}

Java Threads: ( => current thread )
  0x0000000140809600 JavaThread "main" [_thread_blocked, id=10243, stack(0x000000016f410000,0x000000016f613000)]
  0x00000001408b3e00 JavaThread "Reference Handler" daemon [_thread_blocked, id=42755, stack(0x000000017037c000,0x000000017057f000)]
  0x00000001408b2e00 JavaThread "Finalizer" daemon [_thread_blocked, id=42243, stack(0x0000000170588000,0x000000017078b000)]
  0x00000001408b3400 JavaThread "Signal Dispatcher" daemon [_thread_blocked, id=41731, stack(0x0000000170794000,0x0000000170997000)]
  0x00000001408b4400 JavaThread "Service Thread" daemon [_thread_blocked, id=41219, stack(0x00000001709a0000,0x0000000170ba3000)]
  0x00000001408b4a00 JavaThread "Monitor Deflation Thread" daemon [_thread_blocked, id=40963, stack(0x0000000170bac000,0x0000000170daf000)]
  0x00000001408b5000 JavaThread "C2 CompilerThread0" daemon [_thread_blocked, id=40451, stack(0x0000000170db8000,0x0000000170fbb000)]
  0x00000001408b8200 JavaThread "C1 CompilerThread0" daemon [_thread_blocked, id=22275, stack(0x0000000170fc4000,0x00000001711c7000)]
  0x00000001408c0800 JavaThread "Sweeper thread" daemon [_thread_blocked, id=39683, stack(0x00000001711d0000,0x00000001713d3000)]
  0x0000000137018600 JavaThread "JDWP Transport Listener: dt_socket" daemon [_thread_blocked, id=39431, stack(0x00000001713dc000,0x00000001715df000)] _threads_hazard_ptr=0x0000000125d834d0
  0x000000013701b400 JavaThread "JDWP Event Helper Thread" daemon [_thread_blocked, id=38915, stack(0x00000001715e8000,0x00000001717eb000)]
  0x0000000137809600 JavaThread "JDWP Command Reader" daemon [_thread_in_native, id=22787, stack(0x00000001717f4000,0x00000001719f7000)]
  0x00000001408c4e00 JavaThread "Notification Thread" daemon [_thread_blocked, id=38147, stack(0x0000000171a00000,0x0000000171c03000)]
  0x0000000137013800 JavaThread "Common-Cleaner" daemon [_thread_blocked, id=37635, stack(0x0000000171e18000,0x000000017201b000)]
  0x00000001408c9e00 JavaThread "ReaderThread" [_thread_in_native, id=23811, stack(0x0000000172024000,0x0000000172227000)]
  0x0000000137836a00 JavaThread "Attach Listener" daemon [_thread_blocked, id=24323, stack(0x0000000172270000,0x0000000172473000)]

Other Threads:
=>0x0000000140045d40 VMThread "VM Thread" [stack: 0x0000000170058000,0x000000017025b000] [id=15107]
  0x0000000140060a70 WatcherThread "VM Periodic Task Thread" [stack: 0x0000000171c0c000,0x0000000171e0f000] [id=23299]
  0x0000000140014470 WorkerThread "GC Thread#0" [stack: 0x000000016f61c000,0x000000016f81f000] [id=12035]
  0x0000000136fa9370 WorkerThread "GC Thread#1" [stack: 0x000000017247c000,0x000000017267f000] [id=24579]
  0x0000000136fa9cd0 WorkerThread "GC Thread#2" [stack: 0x0000000172688000,0x000000017288b000] [id=25091]
  0x0000000136faaa20 WorkerThread "GC Thread#3" [stack: 0x0000000172894000,0x0000000172a97000] [id=25603]
  0x00000001400f67b0 WorkerThread "GC Thread#4" [stack: 0x0000000172aa0000,0x0000000172ca3000] [id=36611]
  0x00000001400f6ee0 WorkerThread "GC Thread#5" [stack: 0x0000000172cac000,0x0000000172eaf000] [id=26115]
  0x0000000125d07570 WorkerThread "GC Thread#6" [stack: 0x0000000172eb8000,0x00000001730bb000] [id=35843]
  0x00000001400152d0 ConcurrentGCThread "G1 Main Marker" [stack: 0x000000016f828000,0x000000016fa2b000] [id=19459]
  0x0000000140016000 WorkerThread "G1 Conc#0" [stack: 0x000000016fa34000,0x000000016fc37000] [id=12547]
  0x0000000140034e50 ConcurrentGCThread "G1 Refine#0" [stack: 0x000000016fc40000,0x000000016fe43000] [id=18691]
  0x0000000140035bf0 ConcurrentGCThread "G1 Service" [stack: 0x000000016fe4c000,0x000000017004f000] [id=13571]

Threads with active compile tasks:

VM state: at safepoint (normal execution)

VM Mutex/Monitor currently owned by a thread:  ([mutex/lock_event])
[0x0000000136f0e540] Threads_lock - owner thread: 0x0000000140045d40

Heap address: 0x0000000780000000, size: 2048 MB, Compressed Oops mode: Zero based, Oop shift amount: 3

CDS archive(s) mapped at: [0x0000000800000000-0x0000000800c44000-0x0000000800c44000), size 12861440, SharedBaseAddress: 0x0000000800000000, ArchiveRelocationMode: 0.
Compressed class space mapped at: 0x0000000801000000-0x0000000841000000, reserved size: 1073741824
Narrow klass base: 0x0000000800000000, Narrow klass shift: 0, Narrow klass range: 0x100000000

GC Precious Log:
 CardTable entry size: 512
 Card Set container configuration: InlinePtr #cards 5 size 8 Array Of Cards #cards 12 size 40 Howl #buckets 4 coarsen threshold 1843 Howl Bitmap #cards 512 size 80 coarsen threshold 460 Card regions per heap region 1 cards per card region 2048
 CPUs: 8 total, 8 available
 Memory: 8192M
 Large Page Support: Disabled
 NUMA Support: Disabled
 Compressed Oops: Enabled (Zero based)
 Heap Region Size: 1M
 Heap Min Capacity: 8M
 Heap Initial Capacity: 128M
 Heap Max Capacity: 2G
 Pre-touch: Disabled
 Parallel Workers: 8
 Concurrent Workers: 2
 Concurrent Refinement Workers: 8
 Periodic GC: Disabled

Heap:
 garbage-first heap   total 133120K, used 30569K [0x0000000780000000, 0x0000000800000000)
  region size 1024K, 30 young (30720K), 3 survivors (3072K)
 Metaspace       used 13116K, committed 13440K, reserved 1114112K
  class space    used 1931K, committed 2112K, reserved 1048576K

Heap Regions: E=young(eden), S=young(survivor), O=old, HS=humongous(starts), HC=humongous(continues), CS=collection set, F=free, OA=open archive, CA=closed archive, TAMS=top-at-mark-start (previous, next)
|   0|0x0000000780000000, 0x0000000780000000, 0x0000000780100000|  0%| F|  |TAMS 0x0000000780000000, 0x0000000780000000| Untracked 
|   1|0x0000000780100000, 0x0000000780100000, 0x0000000780200000|  0%| F|  |TAMS 0x0000000780100000, 0x0000000780100000| Untracked 
|   2|0x0000000780200000, 0x0000000780200000, 0x0000000780300000|  0%| F|  |TAMS 0x0000000780200000, 0x0000000780200000| Untracked 
|   3|0x0000000780300000, 0x0000000780300000, 0x0000000780400000|  0%| F|  |TAMS 0x0000000780300000, 0x0000000780300000| Untracked 
|   4|0x0000000780400000, 0x0000000780400000, 0x0000000780500000|  0%| F|  |TAMS 0x0000000780400000, 0x0000000780400000| Untracked 
|   5|0x0000000780500000, 0x0000000780500000, 0x0000000780600000|  0%| F|  |TAMS 0x0000000780500000, 0x0000000780500000| Untracked 
|   6|0x0000000780600000, 0x0000000780600000, 0x0000000780700000|  0%| F|  |TAMS 0x0000000780600000, 0x0000000780600000| Untracked 
|   7|0x0000000780700000, 0x0000000780700000, 0x0000000780800000|  0%| F|  |TAMS 0x0000000780700000, 0x0000000780700000| Untracked 
|   8|0x0000000780800000, 0x0000000780800000, 0x0000000780900000|  0%| F|  |TAMS 0x0000000780800000, 0x0000000780800000| Untracked 
|   9|0x0000000780900000, 0x0000000780900000, 0x0000000780a00000|  0%| F|  |TAMS 0x0000000780900000, 0x0000000780900000| Untracked 
|  10|0x0000000780a00000, 0x0000000780a00000, 0x0000000780b00000|  0%| F|  |TAMS 0x0000000780a00000, 0x0000000780a00000| Untracked 
|  11|0x0000000780b00000, 0x0000000780b00000, 0x0000000780c00000|  0%| F|  |TAMS 0x0000000780b00000, 0x0000000780b00000| Untracked 
|  12|0x0000000780c00000, 0x0000000780c00000, 0x0000000780d00000|  0%| F|  |TAMS 0x0000000780c00000, 0x0000000780c00000| Untracked 
|  13|0x0000000780d00000, 0x0000000780d00000, 0x0000000780e00000|  0%| F|  |TAMS 0x0000000780d00000, 0x0000000780d00000| Untracked 
|  14|0x0000000780e00000, 0x0000000780e00000, 0x0000000780f00000|  0%| F|  |TAMS 0x0000000780e00000, 0x0000000780e00000| Untracked 
|  15|0x0000000780f00000, 0x0000000780f00000, 0x0000000781000000|  0%| F|  |TAMS 0x0000000780f00000, 0x0000000780f00000| Untracked 
|  16|0x0000000781000000, 0x0000000781000000, 0x0000000781100000|  0%| F|  |TAMS 0x0000000781000000, 0x0000000781000000| Untracked 
|  17|0x0000000781100000, 0x0000000781100000, 0x0000000781200000|  0%| F|  |TAMS 0x0000000781100000, 0x0000000781100000| Untracked 
|  18|0x0000000781200000, 0x0000000781200000, 0x0000000781300000|  0%| F|  |TAMS 0x0000000781200000, 0x0000000781200000| Untracked 
|  19|0x0000000781300000, 0x0000000781300000, 0x0000000781400000|  0%| F|  |TAMS 0x0000000781300000, 0x0000000781300000| Untracked 
|  20|0x0000000781400000, 0x0000000781400000, 0x0000000781500000|  0%| F|  |TAMS 0x0000000781400000, 0x0000000781400000| Untracked 
|  21|0x0000000781500000, 0x0000000781500000, 0x0000000781600000|  0%| F|  |TAMS 0x0000000781500000, 0x0000000781500000| Untracked 
|  22|0x0000000781600000, 0x0000000781600000, 0x0000000781700000|  0%| F|  |TAMS 0x0000000781600000, 0x0000000781600000| Untracked 
|  23|0x0000000781700000, 0x0000000781700000, 0x0000000781800000|  0%| F|  |TAMS 0x0000000781700000, 0x0000000781700000| Untracked 
|  24|0x0000000781800000, 0x0000000781800000, 0x0000000781900000|  0%| F|  |TAMS 0x0000000781800000, 0x0000000781800000| Untracked 
|  25|0x0000000781900000, 0x0000000781900000, 0x0000000781a00000|  0%| F|  |TAMS 0x0000000781900000, 0x0000000781900000| Untracked 
|  26|0x0000000781a00000, 0x0000000781a00000, 0x0000000781b00000|  0%| F|  |TAMS 0x0000000781a00000, 0x0000000781a00000| Untracked 
|  27|0x0000000781b00000, 0x0000000781b00000, 0x0000000781c00000|  0%| F|  |TAMS 0x0000000781b00000, 0x0000000781b00000| Untracked 
|  28|0x0000000781c00000, 0x0000000781c00000, 0x0000000781d00000|  0%| F|  |TAMS 0x0000000781c00000, 0x0000000781c00000| Untracked 
|  29|0x0000000781d00000, 0x0000000781d00000, 0x0000000781e00000|  0%| F|  |TAMS 0x0000000781d00000, 0x0000000781d00000| Untracked 
|  30|0x0000000781e00000, 0x0000000781e00000, 0x0000000781f00000|  0%| F|  |TAMS 0x0000000781e00000, 0x0000000781e00000| Untracked 
|  31|0x0000000781f00000, 0x0000000781f00000, 0x0000000782000000|  0%| F|  |TAMS 0x0000000781f00000, 0x0000000781f00000| Untracked 
|  32|0x0000000782000000, 0x0000000782000000, 0x0000000782100000|  0%| F|  |TAMS 0x0000000782000000, 0x0000000782000000| Untracked 
|  33|0x0000000782100000, 0x0000000782100000, 0x0000000782200000|  0%| F|  |TAMS 0x0000000782100000, 0x0000000782100000| Untracked 
|  34|0x0000000782200000, 0x0000000782200000, 0x0000000782300000|  0%| F|  |TAMS 0x0000000782200000, 0x0000000782200000| Untracked 
|  35|0x0000000782300000, 0x0000000782300000, 0x0000000782400000|  0%| F|  |TAMS 0x0000000782300000, 0x0000000782300000| Untracked 
|  36|0x0000000782400000, 0x0000000782400000, 0x0000000782500000|  0%| F|  |TAMS 0x0000000782400000, 0x0000000782400000| Untracked 
|  37|0x0000000782500000, 0x0000000782500000, 0x0000000782600000|  0%| F|  |TAMS 0x0000000782500000, 0x0000000782500000| Untracked 
|  38|0x0000000782600000, 0x0000000782600000, 0x0000000782700000|  0%| F|  |TAMS 0x0000000782600000, 0x0000000782600000| Untracked 
|  39|0x0000000782700000, 0x0000000782700000, 0x0000000782800000|  0%| F|  |TAMS 0x0000000782700000, 0x0000000782700000| Untracked 
|  40|0x0000000782800000, 0x0000000782800000, 0x0000000782900000|  0%| F|  |TAMS 0x0000000782800000, 0x0000000782800000| Untracked 
|  41|0x0000000782900000, 0x0000000782900000, 0x0000000782a00000|  0%| F|  |TAMS 0x0000000782900000, 0x0000000782900000| Untracked 
|  42|0x0000000782a00000, 0x0000000782a00000, 0x0000000782b00000|  0%| F|  |TAMS 0x0000000782a00000, 0x0000000782a00000| Untracked 
|  43|0x0000000782b00000, 0x0000000782b00000, 0x0000000782c00000|  0%| F|  |TAMS 0x0000000782b00000, 0x0000000782b00000| Untracked 
|  44|0x0000000782c00000, 0x0000000782c00000, 0x0000000782d00000|  0%| F|  |TAMS 0x0000000782c00000, 0x0000000782c00000| Untracked 
|  45|0x0000000782d00000, 0x0000000782d00000, 0x0000000782e00000|  0%| F|  |TAMS 0x0000000782d00000, 0x0000000782d00000| Untracked 
|  46|0x0000000782e00000, 0x0000000782e00000, 0x0000000782f00000|  0%| F|  |TAMS 0x0000000782e00000, 0x0000000782e00000| Untracked 
|  47|0x0000000782f00000, 0x0000000782f00000, 0x0000000783000000|  0%| F|  |TAMS 0x0000000782f00000, 0x0000000782f00000| Untracked 
|  48|0x0000000783000000, 0x0000000783000000, 0x0000000783100000|  0%| F|  |TAMS 0x0000000783000000, 0x0000000783000000| Untracked 
|  49|0x0000000783100000, 0x0000000783100000, 0x0000000783200000|  0%| F|  |TAMS 0x0000000783100000, 0x0000000783100000| Untracked 
|  50|0x0000000783200000, 0x0000000783200000, 0x0000000783300000|  0%| F|  |TAMS 0x0000000783200000, 0x0000000783200000| Untracked 
|  51|0x0000000783300000, 0x0000000783300000, 0x0000000783400000|  0%| F|  |TAMS 0x0000000783300000, 0x0000000783300000| Untracked 
|  52|0x0000000783400000, 0x0000000783400000, 0x0000000783500000|  0%| F|  |TAMS 0x0000000783400000, 0x0000000783400000| Untracked 
|  53|0x0000000783500000, 0x0000000783500000, 0x0000000783600000|  0%| F|  |TAMS 0x0000000783500000, 0x0000000783500000| Untracked 
|  54|0x0000000783600000, 0x0000000783600000, 0x0000000783700000|  0%| F|  |TAMS 0x0000000783600000, 0x0000000783600000| Untracked 
|  55|0x0000000783700000, 0x0000000783700000, 0x0000000783800000|  0%| F|  |TAMS 0x0000000783700000, 0x0000000783700000| Untracked 
|  56|0x0000000783800000, 0x0000000783800000, 0x0000000783900000|  0%| F|  |TAMS 0x0000000783800000, 0x0000000783800000| Untracked 
|  57|0x0000000783900000, 0x0000000783900000, 0x0000000783a00000|  0%| F|  |TAMS 0x0000000783900000, 0x0000000783900000| Untracked 
|  58|0x0000000783a00000, 0x0000000783a00000, 0x0000000783b00000|  0%| F|  |TAMS 0x0000000783a00000, 0x0000000783a00000| Untracked 
|  59|0x0000000783b00000, 0x0000000783b00000, 0x0000000783c00000|  0%| F|  |TAMS 0x0000000783b00000, 0x0000000783b00000| Untracked 
|  60|0x0000000783c00000, 0x0000000783c00000, 0x0000000783d00000|  0%| F|  |TAMS 0x0000000783c00000, 0x0000000783c00000| Untracked 
|  61|0x0000000783d00000, 0x0000000783d00000, 0x0000000783e00000|  0%| F|  |TAMS 0x0000000783d00000, 0x0000000783d00000| Untracked 
|  62|0x0000000783e00000, 0x0000000783e00000, 0x0000000783f00000|  0%| F|  |TAMS 0x0000000783e00000, 0x0000000783e00000| Untracked 
|  63|0x0000000783f00000, 0x0000000783f00000, 0x0000000784000000|  0%| F|  |TAMS 0x0000000783f00000, 0x0000000783f00000| Untracked 
|  64|0x0000000784000000, 0x0000000784000000, 0x0000000784100000|  0%| F|  |TAMS 0x0000000784000000, 0x0000000784000000| Untracked 
|  65|0x0000000784100000, 0x0000000784100000, 0x0000000784200000|  0%| F|  |TAMS 0x0000000784100000, 0x0000000784100000| Untracked 
|  66|0x0000000784200000, 0x0000000784200000, 0x0000000784300000|  0%| F|  |TAMS 0x0000000784200000, 0x0000000784200000| Untracked 
|  67|0x0000000784300000, 0x0000000784300000, 0x0000000784400000|  0%| F|  |TAMS 0x0000000784300000, 0x0000000784300000| Untracked 
|  68|0x0000000784400000, 0x0000000784400000, 0x0000000784500000|  0%| F|  |TAMS 0x0000000784400000, 0x0000000784400000| Untracked 
|  69|0x0000000784500000, 0x0000000784500000, 0x0000000784600000|  0%| F|  |TAMS 0x0000000784500000, 0x0000000784500000| Untracked 
|  70|0x0000000784600000, 0x0000000784600000, 0x0000000784700000|  0%| F|  |TAMS 0x0000000784600000, 0x0000000784600000| Untracked 
|  71|0x0000000784700000, 0x0000000784700000, 0x0000000784800000|  0%| F|  |TAMS 0x0000000784700000, 0x0000000784700000| Untracked 
|  72|0x0000000784800000, 0x0000000784800000, 0x0000000784900000|  0%| F|  |TAMS 0x0000000784800000, 0x0000000784800000| Untracked 
|  73|0x0000000784900000, 0x0000000784900000, 0x0000000784a00000|  0%| F|  |TAMS 0x0000000784900000, 0x0000000784900000| Untracked 
|  74|0x0000000784a00000, 0x0000000784a00000, 0x0000000784b00000|  0%| F|  |TAMS 0x0000000784a00000, 0x0000000784a00000| Untracked 
|  75|0x0000000784b00000, 0x0000000784b00000, 0x0000000784c00000|  0%| F|  |TAMS 0x0000000784b00000, 0x0000000784b00000| Untracked 
|  76|0x0000000784c00000, 0x0000000784c00000, 0x0000000784d00000|  0%| F|  |TAMS 0x0000000784c00000, 0x0000000784c00000| Untracked 
|  77|0x0000000784d00000, 0x0000000784d00000, 0x0000000784e00000|  0%| F|  |TAMS 0x0000000784d00000, 0x0000000784d00000| Untracked 
|  78|0x0000000784e00000, 0x0000000784e00000, 0x0000000784f00000|  0%| F|  |TAMS 0x0000000784e00000, 0x0000000784e00000| Untracked 
|  79|0x0000000784f00000, 0x0000000784f00000, 0x0000000785000000|  0%| F|  |TAMS 0x0000000784f00000, 0x0000000784f00000| Untracked 
|  80|0x0000000785000000, 0x0000000785000000, 0x0000000785100000|  0%| F|  |TAMS 0x0000000785000000, 0x0000000785000000| Untracked 
|  81|0x0000000785100000, 0x0000000785100000, 0x0000000785200000|  0%| F|  |TAMS 0x0000000785100000, 0x0000000785100000| Untracked 
|  82|0x0000000785200000, 0x0000000785200000, 0x0000000785300000|  0%| F|  |TAMS 0x0000000785200000, 0x0000000785200000| Untracked 
|  83|0x0000000785300000, 0x0000000785300000, 0x0000000785400000|  0%| F|  |TAMS 0x0000000785300000, 0x0000000785300000| Untracked 
|  84|0x0000000785400000, 0x0000000785400000, 0x0000000785500000|  0%| F|  |TAMS 0x0000000785400000, 0x0000000785400000| Untracked 
|  85|0x0000000785500000, 0x0000000785500000, 0x0000000785600000|  0%| F|  |TAMS 0x0000000785500000, 0x0000000785500000| Untracked 
|  86|0x0000000785600000, 0x0000000785600000, 0x0000000785700000|  0%| F|  |TAMS 0x0000000785600000, 0x0000000785600000| Untracked 
|  87|0x0000000785700000, 0x0000000785700000, 0x0000000785800000|  0%| F|  |TAMS 0x0000000785700000, 0x0000000785700000| Untracked 
|  88|0x0000000785800000, 0x0000000785800000, 0x0000000785900000|  0%| F|  |TAMS 0x0000000785800000, 0x0000000785800000| Untracked 
|  89|0x0000000785900000, 0x0000000785900000, 0x0000000785a00000|  0%| F|  |TAMS 0x0000000785900000, 0x0000000785900000| Untracked 
|  90|0x0000000785a00000, 0x0000000785a00000, 0x0000000785b00000|  0%| F|  |TAMS 0x0000000785a00000, 0x0000000785a00000| Untracked 
|  91|0x0000000785b00000, 0x0000000785b00000, 0x0000000785c00000|  0%| F|  |TAMS 0x0000000785b00000, 0x0000000785b00000| Untracked 
|  92|0x0000000785c00000, 0x0000000785c00000, 0x0000000785d00000|  0%| F|  |TAMS 0x0000000785c00000, 0x0000000785c00000| Untracked 
|  93|0x0000000785d00000, 0x0000000785d00000, 0x0000000785e00000|  0%| F|  |TAMS 0x0000000785d00000, 0x0000000785d00000| Untracked 
|  94|0x0000000785e00000, 0x0000000785e00000, 0x0000000785f00000|  0%| F|  |TAMS 0x0000000785e00000, 0x0000000785e00000| Untracked 
|  95|0x0000000785f00000, 0x0000000785f00000, 0x0000000786000000|  0%| F|  |TAMS 0x0000000785f00000, 0x0000000785f00000| Untracked 
|  96|0x0000000786000000, 0x0000000786000000, 0x0000000786100000|  0%| F|  |TAMS 0x0000000786000000, 0x0000000786000000| Untracked 
|  97|0x0000000786100000, 0x0000000786100000, 0x0000000786200000|  0%| F|  |TAMS 0x0000000786100000, 0x0000000786100000| Untracked 
|  98|0x0000000786200000, 0x00000007862ac9e0, 0x0000000786300000| 67%| E|  |TAMS 0x0000000786200000, 0x0000000786200000| Complete 
|  99|0x0000000786300000, 0x0000000786400000, 0x0000000786400000|100%| E|CS|TAMS 0x0000000786300000, 0x0000000786300000| Complete 
| 100|0x0000000786400000, 0x0000000786500000, 0x0000000786500000|100%| E|CS|TAMS 0x0000000786400000, 0x0000000786400000| Complete 
| 101|0x0000000786500000, 0x0000000786600000, 0x0000000786600000|100%| E|CS|TAMS 0x0000000786500000, 0x0000000786500000| Complete 
| 102|0x0000000786600000, 0x00000007866e2558, 0x0000000786700000| 88%| S|CS|TAMS 0x0000000786600000, 0x0000000786600000| Complete 
| 103|0x0000000786700000, 0x0000000786800000, 0x0000000786800000|100%| S|CS|TAMS 0x0000000786700000, 0x0000000786700000| Complete 
| 104|0x0000000786800000, 0x0000000786900000, 0x0000000786900000|100%| S|CS|TAMS 0x0000000786800000, 0x0000000786800000| Complete 
| 105|0x0000000786900000, 0x0000000786a00000, 0x0000000786a00000|100%| E|CS|TAMS 0x0000000786900000, 0x0000000786900000| Complete 
| 106|0x0000000786a00000, 0x0000000786b00000, 0x0000000786b00000|100%| E|CS|TAMS 0x0000000786a00000, 0x0000000786a00000| Complete 
| 107|0x0000000786b00000, 0x0000000786c00000, 0x0000000786c00000|100%| E|CS|TAMS 0x0000000786b00000, 0x0000000786b00000| Complete 
| 108|0x0000000786c00000, 0x0000000786d00000, 0x0000000786d00000|100%| E|CS|TAMS 0x0000000786c00000, 0x0000000786c00000| Complete 
| 109|0x0000000786d00000, 0x0000000786e00000, 0x0000000786e00000|100%| E|CS|TAMS 0x0000000786d00000, 0x0000000786d00000| Complete 
| 110|0x0000000786e00000, 0x0000000786f00000, 0x0000000786f00000|100%| E|CS|TAMS 0x0000000786e00000, 0x0000000786e00000| Complete 
| 111|0x0000000786f00000, 0x0000000787000000, 0x0000000787000000|100%| E|CS|TAMS 0x0000000786f00000, 0x0000000786f00000| Complete 
| 112|0x0000000787000000, 0x0000000787100000, 0x0000000787100000|100%| E|CS|TAMS 0x0000000787000000, 0x0000000787000000| Complete 
| 113|0x0000000787100000, 0x0000000787200000, 0x0000000787200000|100%| E|CS|TAMS 0x0000000787100000, 0x0000000787100000| Complete 
| 114|0x0000000787200000, 0x0000000787300000, 0x0000000787300000|100%| E|CS|TAMS 0x0000000787200000, 0x0000000787200000| Complete 
| 115|0x0000000787300000, 0x0000000787400000, 0x0000000787400000|100%| E|CS|TAMS 0x0000000787300000, 0x0000000787300000| Complete 
| 116|0x0000000787400000, 0x0000000787500000, 0x0000000787500000|100%| E|CS|TAMS 0x0000000787400000, 0x0000000787400000| Complete 
| 117|0x0000000787500000, 0x0000000787600000, 0x0000000787600000|100%| E|CS|TAMS 0x0000000787500000, 0x0000000787500000| Complete 
| 118|0x0000000787600000, 0x0000000787700000, 0x0000000787700000|100%| E|CS|TAMS 0x0000000787600000, 0x0000000787600000| Complete 
| 119|0x0000000787700000, 0x0000000787800000, 0x0000000787800000|100%| E|CS|TAMS 0x0000000787700000, 0x0000000787700000| Complete 
| 120|0x0000000787800000, 0x0000000787900000, 0x0000000787900000|100%| E|CS|TAMS 0x0000000787800000, 0x0000000787800000| Complete 
| 121|0x0000000787900000, 0x0000000787a00000, 0x0000000787a00000|100%| E|CS|TAMS 0x0000000787900000, 0x0000000787900000| Complete 
| 122|0x0000000787a00000, 0x0000000787b00000, 0x0000000787b00000|100%| E|CS|TAMS 0x0000000787a00000, 0x0000000787a00000| Complete 
| 123|0x0000000787b00000, 0x0000000787c00000, 0x0000000787c00000|100%| E|CS|TAMS 0x0000000787b00000, 0x0000000787b00000| Complete 
| 124|0x0000000787c00000, 0x0000000787d00000, 0x0000000787d00000|100%| E|CS|TAMS 0x0000000787c00000, 0x0000000787c00000| Complete 
| 125|0x0000000787d00000, 0x0000000787e00000, 0x0000000787e00000|100%| E|CS|TAMS 0x0000000787d00000, 0x0000000787d00000| Complete 
| 126|0x0000000787e00000, 0x0000000787f00000, 0x0000000787f00000|100%| E|CS|TAMS 0x0000000787e00000, 0x0000000787e00000| Complete 
| 127|0x0000000787f00000, 0x0000000788000000, 0x0000000788000000|100%| E|CS|TAMS 0x0000000787f00000, 0x0000000787f00000| Complete 
|2046|0x00000007ffe00000, 0x00000007ffe78000, 0x00000007fff00000| 46%|OA|  |TAMS 0x00000007ffe00000, 0x00000007ffe00000| Untracked 
|2047|0x00000007fff00000, 0x00000007fff80000, 0x0000000800000000| 50%|CA|  |TAMS 0x00000007fff00000, 0x00000007fff00000| Untracked 

Card table byte_map: [0x0000000105400000,0x0000000105800000] _byte_map_base: 0x0000000101800000

Marking Bits (Prev, Next): (CMBitMap*) 0x000000014082e810, (CMBitMap*) 0x000000014082e850
 Prev Bits: [0x000000011df4c000, 0x000000011ff4c000)
 Next Bits: [0x000000011ff4c000, 0x0000000121f4c000)

Polling page: 0x0000000100c00000

Metaspace:

Usage:
  Non-class:     10.92 MB used.
      Class:      1.89 MB used.
       Both:     12.81 MB used.

Virtual space:
  Non-class space:       64.00 MB reserved,      11.06 MB ( 17%) committed,  1 nodes.
      Class space:        1.00 GB reserved,       2.06 MB ( <1%) committed,  1 nodes.
             Both:        1.06 GB reserved,      13.12 MB (  1%) committed. 

Chunk freelists:
   Non-Class:  928.00 KB
       Class:  1.94 MB
        Both:  2.84 MB

MaxMetaspaceSize: unlimited
CompressedClassSpaceSize: 1.00 GB
Initial GC threshold: 21.00 MB
Current GC threshold: 21.00 MB
CDS: on
MetaspaceReclaimPolicy: balanced
 - commit_granule_bytes: 65536.
 - commit_granule_words: 8192.
 - virtual_space_node_default_size: 8388608.
 - enlarge_chunks_in_place: 1.
 - new_chunks_are_fully_committed: 0.
 - uncommit_free_chunks: 1.
 - use_allocation_guard: 0.


Internal statistics:

num_allocs_failed_limit: 0.
num_arena_births: 286.
num_arena_deaths: 0.
num_vsnodes_births: 2.
num_vsnodes_deaths: 0.
num_space_committed: 210.
num_space_uncommitted: 0.
num_chunks_returned_to_freelist: 0.
num_chunks_taken_from_freelist: 734.
num_chunk_merges: 0.
num_chunk_splits: 471.
num_chunks_enlarged: 340.
num_inconsistent_stats: 0.

CodeHeap 'non-profiled nmethods': size=120032Kb used=626Kb max_used=626Kb free=119405Kb
 bounds [0x0000000116a14000, 0x0000000116c84000, 0x000000011df4c000]
CodeHeap 'profiled nmethods': size=120016Kb used=4535Kb max_used=4535Kb free=115481Kb
 bounds [0x000000010ef4c000, 0x000000010f3bc000, 0x0000000116480000]
CodeHeap 'non-nmethods': size=5712Kb used=1261Kb max_used=1297Kb free=4450Kb
 bounds [0x0000000116480000, 0x00000001166f0000, 0x0000000116a14000]
 total_blobs=2521 nmethods=2029 adapters=406
 compilation: enabled
              stopped_count=0, restarted_count=0
 full_count=0

Compilation events (20 events):
Event: 0.743 Thread 0x00000001408b8200 2066       1       java.nio.charset.Charset::name (5 bytes)
Event: 0.743 Thread 0x00000001408b8200 nmethod 2066 0x0000000116aaf310 code [0x0000000116aaf4c0, 0x0000000116aaf558]
Event: 0.743 Thread 0x00000001408b8200 2072       3       java.util.stream.AbstractPipeline::sourceSpliterator (265 bytes)
Event: 0.743 Thread 0x00000001408b8200 nmethod 2072 0x000000010f3b8290 code [0x000000010f3b8580, 0x000000010f3b9348]
Event: 0.743 Thread 0x00000001408b8200 2073       3       java.util.stream.Sink::end (1 bytes)
Event: 0.743 Thread 0x00000001408b8200 nmethod 2073 0x000000010f3b9890 code [0x000000010f3b9a40, 0x000000010f3b9b58]
Event: 0.743 Thread 0x00000001408b8200 2069       1       java.util.Collections$EmptyMap::get (2 bytes)
Event: 0.743 Thread 0x00000001408b8200 nmethod 2069 0x0000000116aaf610 code [0x0000000116aaf7c0, 0x0000000116aaf898]
Event: 0.743 Thread 0x00000001408b8200 2022       1       sun.instrument.TransformerManager::getSnapshotTransformerList (5 bytes)
Event: 0.743 Thread 0x00000001408b8200 nmethod 2022 0x0000000116aaf910 code [0x0000000116aafac0, 0x0000000116aafb58]
Event: 0.743 Thread 0x00000001408b8200 2023       1       sun.instrument.TransformerManager$TransformerInfo::transformer (5 bytes)
Event: 0.743 Thread 0x00000001408b8200 nmethod 2023 0x0000000116aafc10 code [0x0000000116aafdc0, 0x0000000116aafe58]
Event: 0.743 Thread 0x00000001408b8200 1998       1       net.bytebuddy.implementation.bytecode.member.MethodVariableAccess::access$000 (5 bytes)
Event: 0.743 Thread 0x00000001408b8200 nmethod 1998 0x0000000116aaff10 code [0x0000000116ab00c0, 0x0000000116ab0158]
Event: 0.743 Thread 0x00000001408b8200 2032  s    1       java.lang.StringBuffer::length (5 bytes)
Event: 0.743 Thread 0x00000001408b8200 nmethod 2032 0x0000000116ab0210 code [0x0000000116ab03c0, 0x0000000116ab0518]
Event: 0.743 Thread 0x00000001408b8200 2070       1       java.util.Collections$EmptySet::contains (2 bytes)
Event: 0.743 Thread 0x00000001408b8200 nmethod 2070 0x0000000116ab0590 code [0x0000000116ab0740, 0x0000000116ab0818]
Event: 0.743 Thread 0x00000001408b8200 1959       1       sun.reflect.annotation.AnnotatedTypeFactory$AnnotatedTypeBaseImpl::getType (5 bytes)
Event: 0.743 Thread 0x00000001408b8200 nmethod 1959 0x0000000116ab0890 code [0x0000000116ab0a40, 0x0000000116ab0ad8]

GC Heap History (2 events):
Event: 0.502 GC heap before
{Heap before GC invocations=0 (full 0):
 garbage-first heap   total 133120K, used 24544K [0x0000000780000000, 0x0000000800000000)
  region size 1024K, 23 young (23552K), 0 survivors (0K)
 Metaspace       used 7512K, committed 7744K, reserved 1114112K
  class space    used 980K, committed 1088K, reserved 1048576K
}
Event: 0.503 GC heap after
{Heap after GC invocations=1 (full 0):
 garbage-first heap   total 133120K, used 3945K [0x0000000780000000, 0x0000000800000000)
  region size 1024K, 3 young (3072K), 3 survivors (3072K)
 Metaspace       used 7512K, committed 7744K, reserved 1114112K
  class space    used 980K, committed 1088K, reserved 1048576K
}

Dll operation events (10 events):
Event: 0.004 Loaded shared library /Users/emelieskold/Library/Java/JavaVirtualMachines/openjdk-19.0.2/Contents/Home/lib/libjava.dylib
Event: 0.044 Loaded shared library /Users/emelieskold/Library/Java/JavaVirtualMachines/openjdk-19.0.2/Contents/Home/lib/libnio.dylib
Event: 0.045 Loaded shared library /Users/emelieskold/Library/Java/JavaVirtualMachines/openjdk-19.0.2/Contents/Home/lib/libzip.dylib
Event: 0.068 Loaded shared library /Users/emelieskold/Library/Java/JavaVirtualMachines/openjdk-19.0.2/Contents/Home/lib/libjimage.dylib
Event: 0.092 Loaded shared library /Users/emelieskold/Library/Java/JavaVirtualMachines/openjdk-19.0.2/Contents/Home/lib/libnet.dylib
Event: 0.096 Loaded shared library /Users/emelieskold/Library/Java/JavaVirtualMachines/openjdk-19.0.2/Contents/Home/lib/libextnet.dylib
Event: 0.157 Loaded shared library /Users/emelieskold/Library/Java/JavaVirtualMachines/openjdk-19.0.2/Contents/Home/lib/libverify.dylib
Event: 0.418 Loaded shared library /Users/emelieskold/Library/Java/JavaVirtualMachines/openjdk-19.0.2/Contents/Home/lib/libinstrument.dylib
Event: 0.418 Loaded shared library /Users/emelieskold/Library/Java/JavaVirtualMachines/openjdk-19.0.2/Contents/Home/lib/libzip.dylib
Event: 0.418 Loaded shared library /Users/emelieskold/Library/Java/JavaVirtualMachines/openjdk-19.0.2/Contents/Home/lib/libinstrument.dylib

Deoptimization events (20 events):
Event: 0.653 Thread 0x0000000140809600 DEOPT PACKING pc=0x0000000116a96178 sp=0x000000016f60d9b0
Event: 0.653 Thread 0x0000000140809600 DEOPT UNPACKING pc=0x00000001164cf21c sp=0x000000016f60d8c0 mode 2
Event: 0.654 Thread 0x0000000140809600 Uncommon trap: trap_request=0xffffffde fr.pc=0x0000000116a96178 relative=0x0000000000001478
Event: 0.654 Thread 0x0000000140809600 Uncommon trap: reason=class_check action=maybe_recompile pc=0x0000000116a96178 method=java.util.HashMap.putVal(ILjava/lang/Object;Ljava/lang/Object;ZZ)Ljava/lang/Object; @ 203 c2
Event: 0.654 Thread 0x0000000140809600 DEOPT PACKING pc=0x0000000116a96178 sp=0x000000016f60d9b0
Event: 0.654 Thread 0x0000000140809600 DEOPT UNPACKING pc=0x00000001164cf21c sp=0x000000016f60d8c0 mode 2
Event: 0.661 Thread 0x0000000140809600 DEOPT PACKING pc=0x000000010f1bf488 sp=0x000000016f60ceb0
Event: 0.661 Thread 0x0000000140809600 DEOPT UNPACKING pc=0x00000001164cf07c sp=0x000000016f60cb30 mode 1
Event: 0.664 Thread 0x0000000140809600 DEOPT PACKING pc=0x000000010f1bf488 sp=0x000000016f60d2e0
Event: 0.664 Thread 0x0000000140809600 DEOPT UNPACKING pc=0x00000001164cf07c sp=0x000000016f60cf40 mode 1
Event: 0.664 Thread 0x0000000140809600 DEOPT PACKING pc=0x000000010f02d884 sp=0x000000016f60d370
Event: 0.664 Thread 0x0000000140809600 DEOPT UNPACKING pc=0x00000001164cf07c sp=0x000000016f60d030 mode 1
Event: 0.672 Thread 0x0000000140809600 Uncommon trap: trap_request=0xffffff45 fr.pc=0x0000000116a762d0 relative=0x00000000000002d0
Event: 0.672 Thread 0x0000000140809600 Uncommon trap: reason=unstable_if action=reinterpret pc=0x0000000116a762d0 method=java.util.HashMap.hash(Ljava/lang/Object;)I @ 1 c2
Event: 0.672 Thread 0x0000000140809600 DEOPT PACKING pc=0x0000000116a762d0 sp=0x000000016f60ec00
Event: 0.672 Thread 0x0000000140809600 DEOPT UNPACKING pc=0x00000001164cf21c sp=0x000000016f60eb20 mode 2
Event: 0.734 Thread 0x0000000140809600 Uncommon trap: trap_request=0xffffff45 fr.pc=0x0000000116aaa55c relative=0x000000000000025c
Event: 0.734 Thread 0x0000000140809600 Uncommon trap: reason=unstable_if action=reinterpret pc=0x0000000116aaa55c method=java.util.concurrent.ConcurrentHashMap.get(Ljava/lang/Object;)Ljava/lang/Object; @ 152 c2
Event: 0.734 Thread 0x0000000140809600 DEOPT PACKING pc=0x0000000116aaa55c sp=0x000000016f60eb20
Event: 0.734 Thread 0x0000000140809600 DEOPT UNPACKING pc=0x00000001164cf21c sp=0x000000016f60eaa0 mode 2

Classes loaded (20 events):
Event: 0.739 Loading class java/util/concurrent/ConcurrentLinkedQueue
Event: 0.740 Loading class java/util/concurrent/ConcurrentLinkedQueue done
Event: 0.740 Loading class java/util/concurrent/ConcurrentLinkedQueue$Node
Event: 0.740 Loading class java/util/concurrent/ConcurrentLinkedQueue$Node done
Event: 0.740 Loading class org/mockito/internal/stubbing/ConsecutiveStubbing
Event: 0.740 Loading class org/mockito/internal/stubbing/ConsecutiveStubbing done
Event: 0.740 Loading class org/junit/jupiter/api/Assertions
Event: 0.740 Loading class org/junit/jupiter/api/Assertions done
Event: 0.741 Loading class org/junit/jupiter/api/AssertFalse
Event: 0.741 Loading class org/junit/jupiter/api/AssertFalse done
Event: 0.743 Loading class org/junit/jupiter/api/AssertNotNull
Event: 0.743 Loading class org/junit/jupiter/api/AssertNotNull done
Event: 19.846 Loading class VolvoTest
Event: 19.846 Loading class VolvoTest done
Event: 19.848 Loading class org/junit/jupiter/api/function/Executable
Event: 19.848 Loading class org/junit/jupiter/api/function/Executable done
Event: 44.414 Loading class org/junit/jupiter/api/AssertThrows
Event: 44.414 Loading class org/junit/jupiter/api/AssertThrows done
Event: 44.434 Loading class org/opentest4j/AssertionFailedError
Event: 44.434 Loading class org/opentest4j/AssertionFailedError done

Classes unloaded (0 events):
No events

Classes redefined (5 events):
Event: 0.701 Thread 0x0000000140045d40 redefined class name=java.lang.Object, count=1
Event: 0.701 Thread 0x0000000140045d40 redefined class name=Car, count=2
Event: 0.701 Thread 0x0000000140045d40 redefined class name=Volvo, count=2
Event: 0.718 Thread 0x0000000140045d40 redefined class name=SensorClass, count=2
Event: 0.718 Thread 0x0000000140045d40 redefined class name=Sensor, count=2

Internal exceptions (20 events):
Event: 0.246 Thread 0x0000000140809600 Exception <a 'java/lang/NoSuchMethodError'{0x0000000786f59a50}: 'long java.lang.invoke.DelegatingMethodHandle$Holder.reinvoke_L(java.lang.Object, java.lang.Object)'> (0x0000000786f59a50) 
thrown [open/src/hotspot/share/interpreter/linkResolver.cpp, line 774]
Event: 0.250 Thread 0x0000000140809600 Exception <a 'java/lang/NoSuchMethodError'{0x0000000786f8a698}: 'java.lang.Object java.lang.invoke.DirectMethodHandle$Holder.newInvokeSpecial(java.lang.Object, java.lang.Object, java.lang.Object, int)'> (0x0000000786f8a698) 
thrown [open/src/hotspot/share/interpreter/linkResolver.cpp, line 774]
Event: 0.250 Thread 0x0000000140809600 Exception <a 'java/lang/NoSuchMethodError'{0x0000000786f8eff0}: 'java.lang.Object java.lang.invoke.DirectMethodHandle$Holder.invokeSpecial(java.lang.Object, java.lang.Object, java.lang.Object, java.lang.Object, int)'> (0x0000000786f8eff0) 
thrown [open/src/hotspot/share/interpreter/linkResolver.cpp, line 774]
Event: 0.250 Thread 0x0000000140809600 Exception <a 'java/lang/NoSuchMethodError'{0x0000000786f93128}: 'java.lang.Object java.lang.invoke.Invokers$Holder.linkToTargetMethod(java.lang.Object, java.lang.Object, int, java.lang.Object)'> (0x0000000786f93128) 
thrown [open/src/hotspot/share/interpreter/linkResolver.cpp, line 774]
Event: 0.457 Thread 0x0000000140809600 Exception <a 'java/lang/NoSuchMethodError'{0x0000000786ef6410}: 'java.lang.Object java.lang.invoke.DirectMethodHandle$Holder.invokeStatic(java.lang.Object, int, java.lang.Object)'> (0x0000000786ef6410) 
thrown [open/src/hotspot/share/interpreter/linkResolver.cpp, line 774]
Event: 0.551 Thread 0x0000000140809600 Exception <a 'java/lang/NoSuchMethodError'{0x00000007879545a0}: method resolution failed> (0x00000007879545a0) 
thrown [open/src/hotspot/share/prims/methodHandles.cpp, line 1268]
Event: 0.552 Thread 0x0000000140809600 Exception <a 'java/lang/NoSuchMethodError'{0x000000078799c9e8}: 'java.lang.Class java.lang.Class.getNestHost(java.lang.Class)'> (0x000000078799c9e8) 
thrown [open/src/hotspot/share/interpreter/linkResolver.cpp, line 774]
Event: 0.552 Thread 0x0000000140809600 Exception <a 'java/lang/NoSuchMethodError'{0x000000078799edd8}: 'java.lang.Class[] java.lang.Class.getNestMembers(java.lang.Class)'> (0x000000078799edd8) 
thrown [open/src/hotspot/share/interpreter/linkResolver.cpp, line 774]
Event: 0.596 Thread 0x0000000140809600 Exception <a 'java/lang/NoSuchMethodError'{0x000000078747cca0}: 'long java.lang.invoke.DirectMethodHandle$Holder.invokeStatic(java.lang.Object, java.lang.Object, int)'> (0x000000078747cca0) 
thrown [open/src/hotspot/share/interpreter/linkResolver.cpp, line 774]
Event: 0.596 Thread 0x0000000140809600 Exception <a 'java/lang/NoSuchMethodError'{0x000000078748fa08}: 'java.lang.Object java.lang.invoke.DirectMethodHandle$Holder.invokeStatic(java.lang.Object, java.lang.Object, java.lang.Object, java.lang.Object, int)'> (0x000000078748fa08) 
thrown [open/src/hotspot/share/interpreter/linkResolver.cpp, line 774]
Event: 0.596 Thread 0x0000000140809600 Exception <a 'java/lang/NoSuchMethodError'{0x0000000787497e48}: 'int java.lang.invoke.DirectMethodHandle$Holder.invokeSpecial(java.lang.Object, java.lang.Object, java.lang.Object, int)'> (0x0000000787497e48) 
thrown [open/src/hotspot/share/interpreter/linkResolver.cpp, line 774]
Event: 0.596 Thread 0x0000000140809600 Exception <a 'java/lang/NoSuchMethodError'{0x00000007874a3230}: 'void java.lang.invoke.DelegatingMethodHandle$Holder.reinvoke_L(java.lang.Object, java.lang.Object, java.lang.Object, long, int)'> (0x00000007874a3230) 
thrown [open/src/hotspot/share/interpreter/linkResolver.cpp, line 774]
Event: 0.598 Thread 0x0000000140809600 Exception <a 'java/lang/NoSuchMethodError'{0x00000007874f0688}: 'int java.lang.invoke.DirectMethodHandle$Holder.invokeStaticInit(java.lang.Object, java.lang.Object, java.lang.Object, java.lang.Object)'> (0x00000007874f0688) 
thrown [open/src/hotspot/share/interpreter/linkResolver.cpp, line 774]
Event: 0.599 Thread 0x0000000140809600 Exception <a 'java/lang/IncompatibleClassChangeError'{0x00000007874f9e18}: Found class java.lang.Object, but interface was expected> (0x00000007874f9e18) 
thrown [open/src/hotspot/share/interpreter/linkResolver.cpp, line 841]
Event: 0.599 Thread 0x0000000140809600 Exception <a 'java/lang/NoSuchMethodError'{0x00000007874fd330}: 'void java.lang.invoke.DirectMethodHandle$Holder.invokeStaticInit(java.lang.Object, java.lang.Object)'> (0x00000007874fd330) 
thrown [open/src/hotspot/share/interpreter/linkResolver.cpp, line 774]
Event: 0.618 Thread 0x0000000140809600 Exception <a 'java/lang/ClassNotFoundException'{0x0000000787153db0}: java/lang/ClassLoader$ByteBuddyAccessor$V1> (0x0000000787153db0) 
thrown [open/src/hotspot/share/classfile/systemDictionary.cpp, line 255]
Event: 0.618 Thread 0x0000000140809600 Exception <a 'java/lang/NoSuchMethodError'{0x000000078715df78}: 'java.lang.Object java.lang.invoke.DelegatingMethodHandle$Holder.reinvoke_L(java.lang.Object, java.lang.Object, java.lang.Object, java.lang.Object, int, int, java.lang.Object, java.lang.Object)'> (0x000000078715df78) 
thrown [open/src/hotspot/share/interpreter/linkResolver.cpp, line 774]
Event: 0.671 Thread 0x0000000140809600 Exception <a 'java/lang/NoSuchMethodError'{0x0000000786a2b750}: 'void java.lang.invoke.DelegatingMethodHandle$Holder.reinvoke_L(java.lang.Object, java.lang.Object, java.lang.Object, java.lang.Object, java.lang.Object, java.lang.Object, java.lang.Object, java.lang.Object)'> (0x0000000786a2b750) 
thrown [open/src/hotspot/share/interpreter/linkResolver.cpp, line 774]
Event: 0.672 Thread 0x0000000140809600 Implicit null exception at 0x0000000116a76044 to 0x0000000116a762b4
Event: 0.733 Thread 0x0000000140809600 Exception <a 'java/lang/IncompatibleClassChangeError'{0x0000000786341fd8}: Found class java.lang.Object, but interface was expected> (0x0000000786341fd8) 
thrown [open/src/hotspot/share/interpreter/linkResolver.cpp, line 841]

VM Operations (20 events):
Event: 47.246 Executing VM operation: get/set locals done
Event: 47.281 Executing VM operation: get/set locals
Event: 47.281 Executing VM operation: get/set locals done
Event: 47.513 Executing VM operation: get/set locals
Event: 47.513 Executing VM operation: get/set locals done
Event: 47.513 Executing VM operation: get/set locals
Event: 47.513 Executing VM operation: get/set locals done
Event: 48.557 Executing VM operation: get/set locals
Event: 48.558 Executing VM operation: get/set locals done
Event: 48.558 Executing VM operation: ChangeSingleStep
Event: 48.558 Executing VM operation: ChangeSingleStep done
Event: 48.559 Executing VM operation: ChangeSingleStep
Event: 48.559 Executing VM operation: ChangeSingleStep done
Event: 49.011 Executing VM operation: get/set locals
Event: 49.011 Executing VM operation: get/set locals done
Event: 58.623 Executing VM operation: ChangeBreakpoints
Event: 58.624 Executing VM operation: ChangeBreakpoints done
Event: 60.627 Executing VM operation: Cleanup
Event: 60.627 Executing VM operation: Cleanup done
Event: 64.696 Executing VM operation: get/set locals

Events (20 events):
Event: 0.011 Thread 0x00000001408c0800 Thread added: 0x00000001408c0800
Event: 0.011 Protecting memory [0x00000001711d0000,0x00000001711dc000] with protection modes 0
Event: 0.018 Thread 0x0000000137018600 Thread added: 0x0000000137018600
Event: 0.018 Protecting memory [0x00000001713dc000,0x00000001713e8000] with protection modes 0
Event: 0.018 Thread 0x000000013701b400 Thread added: 0x000000013701b400
Event: 0.018 Protecting memory [0x00000001715e8000,0x00000001715f4000] with protection modes 0
Event: 0.018 Thread 0x0000000137809600 Thread added: 0x0000000137809600
Event: 0.018 Protecting memory [0x00000001717f4000,0x0000000171800000] with protection modes 0
Event: 0.040 Thread 0x00000001408c4e00 Thread added: 0x00000001408c4e00
Event: 0.040 Protecting memory [0x0000000171a00000,0x0000000171a0c000] with protection modes 0
Event: 0.042 Thread 0x0000000137013800 Thread added: 0x0000000137013800
Event: 0.042 Protecting memory [0x0000000171e18000,0x0000000171e24000] with protection modes 0
Event: 0.099 Thread 0x00000001408c9e00 Thread added: 0x00000001408c9e00
Event: 0.099 Protecting memory [0x0000000172024000,0x0000000172030000] with protection modes 0
Event: 0.252 Thread 0x0000000140947400 Thread added: 0x0000000140947400
Event: 0.252 Protecting memory [0x0000000172230000,0x000000017223c000] with protection modes 0
Event: 0.311 Thread 0x0000000137836a00 Thread added: 0x0000000137836a00
Event: 0.311 Protecting memory [0x0000000172270000,0x000000017227c000] with protection modes 0
Event: 60.438 Protecting memory [0x0000000172230000,0x000000017223c000] with protection modes 3
Event: 60.438 Thread 0x0000000140947400 Thread exited: 0x0000000140947400


Dynamic libraries:
0x0000000100bb8000 	/Users/emelieskold/Library/Java/JavaVirtualMachines/openjdk-19.0.2/Contents/Home/lib/libjli.dylib
0x00000001bdac8000 	/System/Library/Frameworks/Cocoa.framework/Versions/A/Cocoa
0x00000001a9cd1000 	/System/Library/Frameworks/AppKit.framework/Versions/C/AppKit
0x00000001ad1e8000 	/System/Library/Frameworks/CoreData.framework/Versions/A/CoreData
0x00000001a802c000 	/System/Library/Frameworks/Foundation.framework/Versions/C/Foundation
0x00000001b1c45000 	/usr/lib/libSystem.B.dylib
0x00000001aab8a000 	/System/Library/PrivateFrameworks/UIFoundation.framework/Versions/A/UIFoundation
0x00000001b7c93000 	/System/Library/PrivateFrameworks/RemoteViewServices.framework/Versions/A/RemoteViewServices
0x00000001b0104000 	/System/Library/PrivateFrameworks/XCTTargetBootstrap.framework/Versions/A/XCTTargetBootstrap
0x00000001b3987000 	/System/Library/PrivateFrameworks/InternationalSupport.framework/Versions/A/InternationalSupport
0x00000001b3a10000 	/System/Library/PrivateFrameworks/UserActivity.framework/Versions/A/UserActivity
0x00000001b2e7c000 	/usr/lib/libspindump.dylib
0x00000001aadfb000 	/System/Library/Frameworks/UniformTypeIdentifiers.framework/Versions/A/UniformTypeIdentifiers
0x00000001ae64c000 	/usr/lib/libapp_launch_measurement.dylib
0x00000001adb74000 	/System/Library/PrivateFrameworks/CoreAnalytics.framework/Versions/A/CoreAnalytics
0x00000001ae64f000 	/System/Library/PrivateFrameworks/CoreAutoLayout.framework/Versions/A/CoreAutoLayout
0x00000001af9f3000 	/System/Library/Frameworks/Metal.framework/Versions/A/Metal
0x00000001b076d000 	/usr/lib/liblangid.dylib
0x00000001b0109000 	/System/Library/PrivateFrameworks/CoreSVG.framework/Versions/A/CoreSVG
0x00000001ac292000 	/System/Library/PrivateFrameworks/SkyLight.framework/Versions/A/SkyLight
0x00000001ac66e000 	/System/Library/Frameworks/CoreGraphics.framework/Versions/A/CoreGraphics
0x00000001b835f000 	/System/Library/Frameworks/Accelerate.framework/Versions/A/Accelerate
0x00000001b28f3000 	/System/Library/PrivateFrameworks/IconServices.framework/Versions/A/IconServices
0x00000001af9d5000 	/System/Library/Frameworks/IOSurface.framework/Versions/A/IOSurface
0x00000001adba5000 	/usr/lib/libDiagnosticMessagesClient.dylib
0x00000001b1b8e000 	/usr/lib/libz.1.dylib
0x00000001bb865000 	/System/Library/Frameworks/ApplicationServices.framework/Versions/A/ApplicationServices
0x00000001b00ec000 	/System/Library/PrivateFrameworks/DFRFoundation.framework/Versions/A/DFRFoundation
0x00000001a9561000 	/usr/lib/libicucore.A.dylib
0x00000001b4835000 	/System/Library/Frameworks/AudioToolbox.framework/Versions/A/AudioToolbox
0x00000001b3993000 	/System/Library/PrivateFrameworks/DataDetectorsCore.framework/Versions/A/DataDetectorsCore
0x00000001ca3b1000 	/System/Library/PrivateFrameworks/TextInput.framework/Versions/A/TextInput
0x00000001ac207000 	/usr/lib/libMobileGestalt.dylib
0x00000001afdb8000 	/System/Library/Frameworks/Carbon.framework/Versions/A/Frameworks/HIToolbox.framework/Versions/A/HIToolbox
0x00000001ae025000 	/System/Library/Frameworks/QuartzCore.framework/Versions/A/QuartzCore
0x00000001a91e2000 	/System/Library/Frameworks/Security.framework/Versions/A/Security
0x00000001b7cd3000 	/System/Library/Frameworks/Carbon.framework/Versions/A/Frameworks/SpeechRecognition.framework/Versions/A/SpeechRecognition
0x00000001ae3a1000 	/System/Library/PrivateFrameworks/CoreUI.framework/Versions/A/CoreUI
0x00000001a8abe000 	/System/Library/Frameworks/CoreAudio.framework/Versions/A/CoreAudio
0x00000001adc99000 	/System/Library/Frameworks/DiskArbitration.framework/Versions/A/DiskArbitration
0x00000001b3286000 	/System/Library/PrivateFrameworks/MultitouchSupport.framework/Versions/A/MultitouchSupport
0x00000001ac205000 	/usr/lib/libenergytrace.dylib
0x00000001a9b99000 	/System/Library/Frameworks/IOKit.framework/Versions/A/IOKit
0x00000001b80c2000 	/System/Library/Frameworks/CoreServices.framework/Versions/A/CoreServices
0x00000001ae5dc000 	/System/Library/PrivateFrameworks/PerformanceAnalysis.framework/Versions/A/PerformanceAnalysis
0x000000020885b000 	/System/Library/Frameworks/OpenGL.framework/Versions/A/OpenGL
0x00000001b11e0000 	/System/Library/PrivateFrameworks/MobileKeyBag.framework/Versions/A/MobileKeyBag
0x00000001a6f5f000 	/usr/lib/libobjc.A.dylib
0x00000001acc7c000 	/System/Library/Frameworks/ColorSync.framework/Versions/A/ColorSync
0x00000001a7128000 	/System/Library/Frameworks/CoreFoundation.framework/Versions/A/CoreFoundation
0x00000001b0389000 	/System/Library/Frameworks/CoreImage.framework/Versions/A/CoreImage
0x00000001a88e2000 	/System/Library/Frameworks/CoreText.framework/Versions/A/CoreText
0x00000001b0139000 	/System/Library/Frameworks/ImageIO.framework/Versions/A/ImageIO
0x00000001b1c4b000 	/System/Library/PrivateFrameworks/SoftLinking.framework/Versions/A/SoftLinking
0x00000001ae69a000 	/usr/lib/libxml2.2.dylib
0x00000001a7022000 	/usr/lib/libc++.1.dylib
0x00000001b1ee4000 	/usr/lib/libcompression.dylib
0x00000001b38e3000 	/System/Library/PrivateFrameworks/TextureIO.framework/Versions/A/TextureIO
0x00000001b260c000 	/usr/lib/libate.dylib
0x00000001b1c3f000 	/usr/lib/system/libcache.dylib
0x00000001b1bfd000 	/usr/lib/system/libcommonCrypto.dylib
0x00000001b1c26000 	/usr/lib/system/libcompiler_rt.dylib
0x00000001b1c1d000 	/usr/lib/system/libcopyfile.dylib
0x00000001a6e63000 	/usr/lib/system/libcorecrypto.dylib
0x00000001a6f18000 	/usr/lib/system/libdispatch.dylib
0x00000001a70e6000 	/usr/lib/system/libdyld.dylib
0x00000001b1c35000 	/usr/lib/system/libkeymgr.dylib
0x00000001b1bd8000 	/usr/lib/system/libmacho.dylib
0x00000001b12c8000 	/usr/lib/system/libquarantine.dylib
0x00000001b1c32000 	/usr/lib/system/libremovefile.dylib
0x00000001ac25e000 	/usr/lib/system/libsystem_asl.dylib
0x00000001a6e05000 	/usr/lib/system/libsystem_blocks.dylib
0x00000001a6fa0000 	/usr/lib/system/libsystem_c.dylib
0x00000001b1c2a000 	/usr/lib/system/libsystem_collections.dylib
0x00000001b075d000 	/usr/lib/system/libsystem_configuration.dylib
0x00000001af9b6000 	/usr/lib/system/libsystem_containermanager.dylib
0x00000001b1935000 	/usr/lib/system/libsystem_coreservices.dylib
0x00000001a9817000 	/usr/lib/system/libsystem_darwin.dylib
0x00000001b1c36000 	/usr/lib/system/libsystem_dnssd.dylib
0x00000001a6f9d000 	/usr/lib/system/libsystem_featureflags.dylib
0x00000001a70fb000 	/usr/lib/system/libsystem_info.dylib
0x00000001b1ba0000 	/usr/lib/system/libsystem_m.dylib
0x00000001a6eed000 	/usr/lib/system/libsystem_malloc.dylib
0x00000001ac1ec000 	/usr/lib/system/libsystem_networkextension.dylib
0x00000001a9c70000 	/usr/lib/system/libsystem_notify.dylib
0x00000001b7f99000 	/usr/lib/system/libsystem_product_info_filter.dylib
0x00000001b0762000 	/usr/lib/system/libsystem_sandbox.dylib
0x00000001b1c2f000 	/usr/lib/system/libsystem_secinit.dylib
0x00000001a70a1000 	/usr/lib/system/libsystem_kernel.dylib
0x00000001a70f3000 	/usr/lib/system/libsystem_platform.dylib
0x00000001a70d9000 	/usr/lib/system/libsystem_pthread.dylib
0x00000001ad9c2000 	/usr/lib/system/libsystem_symptoms.dylib
0x00000001a6e49000 	/usr/lib/system/libsystem_trace.dylib
0x00000001b1c0a000 	/usr/lib/system/libunwind.dylib
0x00000001a6e07000 	/usr/lib/system/libxpc.dylib
0x00000001a7089000 	/usr/lib/libc++abi.dylib
0x00000001b1c15000 	/usr/lib/liboah.dylib
0x00000001b24d1000 	/usr/lib/liblzma.5.dylib
0x00000001a7d1f000 	/System/Library/Frameworks/SystemConfiguration.framework/Versions/A/SystemConfiguration
0x00000001b1c47000 	/usr/lib/libfakelink.dylib
0x00000001abd37000 	/System/Library/Frameworks/CFNetwork.framework/Versions/A/CFNetwork
0x00000001b1d8d000 	/usr/lib/libarchive.2.dylib
0x00000001b0769000 	/System/Library/PrivateFrameworks/AppleSystemInfo.framework/Versions/A/AppleSystemInfo
0x00000001b12f3000 	/usr/lib/libbsm.0.dylib
0x00000001ab2a4000 	/usr/lib/libnetwork.dylib
0x00000001b1be1000 	/usr/lib/system/libkxld.dylib
0x00000001b0f0d000 	/System/Library/PrivateFrameworks/IOMobileFramebuffer.framework/Versions/A/IOMobileFramebuffer
0x0000000226c4a000 	/usr/lib/libCoreEntitlements.dylib
0x00000001b1917000 	/System/Library/PrivateFrameworks/AppleFSCompression.framework/Versions/A/AppleFSCompression
0x00000001b12db000 	/usr/lib/libcoretls.dylib
0x00000001b24ea000 	/usr/lib/libcoretls_cfhelpers.dylib
0x00000001b1edf000 	/usr/lib/libpam.2.dylib
0x00000001ad5d8000 	/usr/lib/libsqlite3.dylib
0x00000001b2553000 	/usr/lib/libxar.1.dylib
0x00000001b1928000 	/usr/lib/libbz2.1.0.dylib
0x00000001b1c4c000 	/usr/lib/libpcap.A.dylib
0x00000001ad9b9000 	/usr/lib/libdns_services.dylib
0x00000001b1eb2000 	/usr/lib/libapple_nghttp2.dylib
0x00000001b1c89000 	/usr/lib/libiconv.2.dylib
0x00000001b1bd7000 	/usr/lib/libcharset.1.dylib
0x00000001ae618000 	/System/Library/Frameworks/CoreServices.framework/Versions/A/Frameworks/FSEvents.framework/Versions/A/FSEvents
0x00000001a9822000 	/System/Library/Frameworks/CoreServices.framework/Versions/A/Frameworks/CarbonCore.framework/Versions/A/CarbonCore
0x00000001adbf9000 	/System/Library/Frameworks/CoreServices.framework/Versions/A/Frameworks/Metadata.framework/Versions/A/Metadata
0x00000001b193b000 	/System/Library/Frameworks/CoreServices.framework/Versions/A/Frameworks/OSServices.framework/Versions/A/OSServices
0x00000001b1e13000 	/System/Library/Frameworks/CoreServices.framework/Versions/A/Frameworks/SearchKit.framework/Versions/A/SearchKit
0x00000001ad947000 	/System/Library/Frameworks/CoreServices.framework/Versions/A/Frameworks/AE.framework/Versions/A/AE
0x00000001a766f000 	/System/Library/Frameworks/CoreServices.framework/Versions/A/Frameworks/LaunchServices.framework/Versions/A/LaunchServices
0x00000001b247a000 	/System/Library/Frameworks/CoreServices.framework/Versions/A/Frameworks/DictionaryServices.framework/Versions/A/DictionaryServices
0x00000001ae625000 	/System/Library/Frameworks/CoreServices.framework/Versions/A/Frameworks/SharedFileList.framework/Versions/A/SharedFileList
0x00000001b12cb000 	/usr/lib/libCheckFix.dylib
0x00000001ac276000 	/System/Library/PrivateFrameworks/TCC.framework/Versions/A/TCC
0x00000001b076f000 	/System/Library/PrivateFrameworks/CoreNLP.framework/Versions/A/CoreNLP
0x00000001adba8000 	/System/Library/PrivateFrameworks/MetadataUtilities.framework/Versions/A/MetadataUtilities
0x00000001a7dd9000 	/usr/lib/libmecabra.dylib
0x00000001b1304000 	/usr/lib/libmecab.dylib
0x00000001a7da5000 	/usr/lib/libCRFSuite.dylib
0x00000001b1361000 	/usr/lib/libgermantok.dylib
0x00000001b1e8b000 	/usr/lib/libThaiTokenizer.dylib
0x00000001adca1000 	/System/Library/Frameworks/Accelerate.framework/Versions/A/Frameworks/vImage.framework/Versions/A/vImage
0x00000001b8099000 	/System/Library/Frameworks/Accelerate.framework/Versions/A/Frameworks/vecLib.framework/Versions/A/vecLib
0x00000001b2598000 	/System/Library/Frameworks/Accelerate.framework/Versions/A/Frameworks/vecLib.framework/Versions/A/libvMisc.dylib
0x00000001b0e14000 	/System/Library/Frameworks/Accelerate.framework/Versions/A/Frameworks/vecLib.framework/Versions/A/libvDSP.dylib
0x00000001a79fa000 	/System/Library/Frameworks/Accelerate.framework/Versions/A/Frameworks/vecLib.framework/Versions/A/libBLAS.dylib
0x00000001b1fb5000 	/System/Library/Frameworks/Accelerate.framework/Versions/A/Frameworks/vecLib.framework/Versions/A/libLAPACK.dylib
0x00000001b1364000 	/System/Library/Frameworks/Accelerate.framework/Versions/A/Frameworks/vecLib.framework/Versions/A/libLinearAlgebra.dylib
0x00000001b1eca000 	/System/Library/Frameworks/Accelerate.framework/Versions/A/Frameworks/vecLib.framework/Versions/A/libSparseBLAS.dylib
0x00000001b1fb0000 	/System/Library/Frameworks/Accelerate.framework/Versions/A/Frameworks/vecLib.framework/Versions/A/libQuadrature.dylib
0x00000001b0868000 	/System/Library/Frameworks/Accelerate.framework/Versions/A/Frameworks/vecLib.framework/Versions/A/libBNNS.dylib
0x00000001a7cb8000 	/System/Library/Frameworks/Accelerate.framework/Versions/A/Frameworks/vecLib.framework/Versions/A/libSparse.dylib
0x00000001b0860000 	/System/Library/PrivateFrameworks/LinguisticData.framework/Versions/A/LinguisticData
0x00000001a7c70000 	/System/Library/PrivateFrameworks/Lexicon.framework/Versions/A/Lexicon
0x00000001b2590000 	/usr/lib/libChineseTokenizer.dylib
0x00000001a841e000 	/System/Library/PrivateFrameworks/LanguageModeling.framework/Versions/A/LanguageModeling
0x00000001b1e8d000 	/System/Library/PrivateFrameworks/AppleSauce.framework/Versions/A/AppleSauce
0x00000001b0efa000 	/System/Library/PrivateFrameworks/CoreEmoji.framework/Versions/A/CoreEmoji
0x00000001b1d7b000 	/usr/lib/libcmph.dylib
0x00000001ae5f8000 	/System/Library/Frameworks/OpenDirectory.framework/Versions/A/Frameworks/CFOpenDirectory.framework/Versions/A/CFOpenDirectory
0x00000001ae5e8000 	/System/Library/Frameworks/OpenDirectory.framework/Versions/A/OpenDirectory
0x00000001b24ec000 	/System/Library/PrivateFrameworks/APFS.framework/Versions/A/APFS
0x00000001b121b000 	/System/Library/Frameworks/SecurityFoundation.framework/Versions/A/SecurityFoundation
0x00000001b2562000 	/usr/lib/libutil.dylib
0x00000001a9b5b000 	/System/Library/PrivateFrameworks/CoreServicesStore.framework/Versions/A/CoreServicesStore
0x00000001b2566000 	/usr/lib/libxslt.1.dylib
0x00000001b12af000 	/System/Library/PrivateFrameworks/BackgroundTaskManagement.framework/Versions/A/BackgroundTaskManagement
0x00000001b3804000 	/System/Library/Frameworks/ImageIO.framework/Versions/A/Resources/libRadiance.dylib
0x00000001b380d000 	/System/Library/Frameworks/ImageIO.framework/Versions/A/Resources/libJPEG.dylib
0x00000001b375e000 	/System/Library/Frameworks/ImageIO.framework/Versions/A/Resources/libPng.dylib
0x00000001b3780000 	/System/Library/Frameworks/ImageIO.framework/Versions/A/Resources/libTIFF.dylib
0x00000001b3868000 	/System/Library/Frameworks/ImageIO.framework/Versions/A/Resources/libGIF.dylib
0x00000001b3196000 	/System/Library/Frameworks/ImageIO.framework/Versions/A/Resources/libJP2.dylib
0x00000001b28b8000 	/usr/lib/libexpat.1.dylib
0x00000001b3151000 	/System/Library/PrivateFrameworks/AppleJPEG.framework/Versions/A/AppleJPEG
0x00000001afc74000 	/System/Library/PrivateFrameworks/FontServices.framework/libFontParser.dylib
0x00000001ad8ec000 	/System/Library/PrivateFrameworks/RunningBoardServices.framework/Versions/A/RunningBoardServices
0x00000001be19f000 	/System/Library/PrivateFrameworks/IOSurfaceAccelerator.framework/Versions/A/IOSurfaceAccelerator
0x00000001b3282000 	/System/Library/PrivateFrameworks/WatchdogClient.framework/Versions/A/WatchdogClient
0x00000001a851e000 	/System/Library/Frameworks/CoreDisplay.framework/Versions/A/CoreDisplay
0x00000001afb5e000 	/System/Library/Frameworks/CoreMedia.framework/Versions/A/CoreMedia
0x00000001af9e9000 	/System/Library/PrivateFrameworks/IOAccelerator.framework/Versions/A/IOAccelerator
0x00000001ae788000 	/System/Library/Frameworks/CoreVideo.framework/Versions/A/CoreVideo
0x00000001b1edd000 	/System/Library/Frameworks/MetalPerformanceShaders.framework/Versions/A/MetalPerformanceShaders
0x00000001b32c1000 	/System/Library/Frameworks/VideoToolbox.framework/Versions/A/VideoToolbox
0x00000001ad830000 	/System/Library/PrivateFrameworks/BaseBoard.framework/Versions/A/BaseBoard
0x00000001ad5be000 	/System/Library/PrivateFrameworks/ProtocolBuffer.framework/Versions/A/ProtocolBuffer
0x00000001b37ff000 	/System/Library/PrivateFrameworks/GPUWrangler.framework/Versions/A/GPUWrangler
0x00000001b37df000 	/System/Library/PrivateFrameworks/IOPresentment.framework/Versions/A/IOPresentment
0x00000001b3807000 	/System/Library/PrivateFrameworks/DSExternalDisplay.framework/Versions/A/DSExternalDisplay
0x000000020884e000 	/System/Library/Frameworks/OpenGL.framework/Versions/A/Libraries/libCoreFSCache.dylib
0x0000000213718000 	/System/Library/PrivateFrameworks/GPUCompiler.framework/Versions/31001/Libraries/libGPUCompilerUtils.dylib
0x00000001b386d000 	/System/Library/PrivateFrameworks/CMCaptureCore.framework/Versions/A/CMCaptureCore
0x00000001b2e69000 	/System/Library/PrivateFrameworks/AppServerSupport.framework/Versions/A/AppServerSupport
0x00000001b50f3000 	/System/Library/PrivateFrameworks/perfdata.framework/Versions/A/perfdata
0x00000001a863e000 	/System/Library/PrivateFrameworks/AudioToolboxCore.framework/Versions/A/AudioToolboxCore
0x00000001afb37000 	/System/Library/PrivateFrameworks/caulk.framework/Versions/A/caulk
0x00000001b49e8000 	/usr/lib/libAudioStatistics.dylib
0x00000001c6a04000 	/System/Library/PrivateFrameworks/SystemPolicy.framework/Versions/A/SystemPolicy
0x00000001b4c54000 	/usr/lib/libSMC.dylib
0x00000001bd9a6000 	/System/Library/Frameworks/CoreMIDI.framework/Versions/A/CoreMIDI
0x00000001b372c000 	/usr/lib/libAudioToolboxUtility.dylib
0x00000001c2b67000 	/System/Library/PrivateFrameworks/OSAServicesClient.framework/Versions/A/OSAServicesClient
0x00000001b5100000 	/usr/lib/libperfcheck.dylib
0x00000001c7523000 	/usr/lib/libmis.dylib
0x00000002088b0000 	/System/Library/Frameworks/OpenGL.framework/Versions/A/Libraries/libGLU.dylib
0x000000020886f000 	/System/Library/Frameworks/OpenGL.framework/Versions/A/Libraries/libGFXShared.dylib
0x0000000208a5c000 	/System/Library/Frameworks/OpenGL.framework/Versions/A/Libraries/libGL.dylib
0x0000000208878000 	/System/Library/Frameworks/OpenGL.framework/Versions/A/Libraries/libGLImage.dylib
0x000000020886c000 	/System/Library/Frameworks/OpenGL.framework/Versions/A/Libraries/libCVMSPluginSupport.dylib
0x0000000208855000 	/System/Library/Frameworks/OpenGL.framework/Versions/A/Libraries/libCoreVMClient.dylib
0x00000001b06e9000 	/System/Library/Frameworks/MetalPerformanceShaders.framework/Versions/A/Frameworks/MPSCore.framework/Versions/A/MPSCore
0x00000001b188a000 	/System/Library/Frameworks/MetalPerformanceShaders.framework/Versions/A/Frameworks/MPSImage.framework/Versions/A/MPSImage
0x00000001b1379000 	/System/Library/Frameworks/MetalPerformanceShaders.framework/Versions/A/Frameworks/MPSNeuralNetwork.framework/Versions/A/MPSNeuralNetwork
0x00000001b17b2000 	/System/Library/Frameworks/MetalPerformanceShaders.framework/Versions/A/Frameworks/MPSMatrix.framework/Versions/A/MPSMatrix
0x00000001b158b000 	/System/Library/Frameworks/MetalPerformanceShaders.framework/Versions/A/Frameworks/MPSRayIntersector.framework/Versions/A/MPSRayIntersector
0x00000001b17e3000 	/System/Library/Frameworks/MetalPerformanceShaders.framework/Versions/A/Frameworks/MPSNDArray.framework/Versions/A/MPSNDArray
0x000000020b357000 	/System/Library/Frameworks/MetalPerformanceShaders.framework/Versions/A/Frameworks/MPSFunctions.framework/Versions/A/MPSFunctions
0x00000001a78d0000 	/System/Library/PrivateFrameworks/MetalTools.framework/Versions/A/MetalTools
0x00000001b0767000 	/System/Library/PrivateFrameworks/AggregateDictionary.framework/Versions/A/AggregateDictionary
0x00000001b269d000 	/usr/lib/libIOReport.dylib
0x00000001bc9bf000 	/System/Library/PrivateFrameworks/ASEProcessing.framework/Versions/A/ASEProcessing
0x00000001b2a12000 	/System/Library/PrivateFrameworks/FaceCore.framework/Versions/A/FaceCore
0x00000001b2a04000 	/System/Library/PrivateFrameworks/GraphVisualizer.framework/Versions/A/GraphVisualizer
0x000000021362f000 	/System/Library/PrivateFrameworks/FontServices.framework/Versions/A/FontServices
0x00000001b2e25000 	/System/Library/PrivateFrameworks/OTSVG.framework/Versions/A/OTSVG
0x00000001ae351000 	/System/Library/Frameworks/ApplicationServices.framework/Versions/A/Frameworks/ATS.framework/Versions/A/Resources/libFontRegistry.dylib
0x00000001b2e72000 	/System/Library/PrivateFrameworks/FontServices.framework/libhvf.dylib
0x0000000213630000 	/System/Library/PrivateFrameworks/FontServices.framework/libXTFontStaticRegistryData.dylib
0x0000000208bfd000 	/System/Library/Frameworks/OpenCL.framework/Versions/A/OpenCL
0x00000001b286c000 	/System/Library/PrivateFrameworks/AppleVA.framework/Versions/A/AppleVA
0x00000001b4a10000 	/System/Library/Frameworks/ApplicationServices.framework/Versions/A/Frameworks/ATS.framework/Versions/A/ATS
0x00000001acd7b000 	/System/Library/Frameworks/ApplicationServices.framework/Versions/A/Frameworks/HIServices.framework/Versions/A/HIServices
0x00000001b3877000 	/System/Library/Frameworks/ApplicationServices.framework/Versions/A/Frameworks/PrintCore.framework/Versions/A/PrintCore
0x00000001b4da7000 	/System/Library/Frameworks/ApplicationServices.framework/Versions/A/Frameworks/QD.framework/Versions/A/QD
0x00000001b4d9f000 	/System/Library/Frameworks/ApplicationServices.framework/Versions/A/Frameworks/ColorSyncLegacy.framework/Versions/A/ColorSyncLegacy
0x00000001b49fc000 	/System/Library/Frameworks/ApplicationServices.framework/Versions/A/Frameworks/SpeechSynthesis.framework/Versions/A/SpeechSynthesis
0x00000001b3838000 	/System/Library/Frameworks/ApplicationServices.framework/Versions/A/Frameworks/ATSUI.framework/Versions/A/ATSUI
0x00000001b4d34000 	/usr/lib/libcups.2.dylib
0x00000001b510e000 	/System/Library/Frameworks/Kerberos.framework/Versions/A/Kerberos
0x00000001b511f000 	/System/Library/Frameworks/GSS.framework/Versions/A/GSS
0x00000001b4a80000 	/usr/lib/libresolv.9.dylib
0x00000001b2e81000 	/System/Library/PrivateFrameworks/Heimdal.framework/Versions/A/Heimdal
0x00000001bbbf5000 	/System/Library/Frameworks/Kerberos.framework/Versions/A/Libraries/libHeimdalProxy.dylib
0x00000001ad9cb000 	/System/Library/Frameworks/Network.framework/Versions/A/Network
0x00000001b28d3000 	/usr/lib/libheimdal-asn1.dylib
0x00000001b516f000 	/System/Library/PrivateFrameworks/CommonAuth.framework/Versions/A/CommonAuth
0x00000001b4976000 	/System/Library/PrivateFrameworks/AudioSession.framework/Versions/A/AudioSession
0x00000001b2965000 	/System/Library/PrivateFrameworks/MediaExperience.framework/Versions/A/MediaExperience
0x00000001b47fb000 	/System/Library/PrivateFrameworks/AudioSession.framework/libSessionUtility.dylib
0x00000001b4db3000 	/System/Library/PrivateFrameworks/AudioResourceArbitration.framework/Versions/A/AudioResourceArbitration
0x00000001b8f76000 	/System/Library/PrivateFrameworks/PowerLog.framework/Versions/A/PowerLog
0x00000001b28dd000 	/System/Library/PrivateFrameworks/IconFoundation.framework/Versions/A/IconFoundation
0x00000001b7cbf000 	/System/Library/PrivateFrameworks/SpeechRecognitionCore.framework/Versions/A/SpeechRecognitionCore
0x0000000106024000 	/Users/emelieskold/Library/Java/JavaVirtualMachines/openjdk-19.0.2/Contents/Home/lib/server/libjvm.dylib
0x0000000100c14000 	/Users/emelieskold/Library/Java/JavaVirtualMachines/openjdk-19.0.2/Contents/Home/lib/libjimage.dylib
0x0000000100c70000 	/Users/emelieskold/Library/Java/JavaVirtualMachines/openjdk-19.0.2/Contents/Home/lib/libjdwp.dylib
0x0000000100cb8000 	/Users/emelieskold/Library/Java/JavaVirtualMachines/openjdk-19.0.2/Contents/Home/lib/libjava.dylib
0x0000000100fb0000 	/Users/emelieskold/Library/Java/JavaVirtualMachines/openjdk-19.0.2/Contents/Home/lib/libdt_socket.dylib
0x0000000100fc4000 	/Users/emelieskold/Library/Java/JavaVirtualMachines/openjdk-19.0.2/Contents/Home/lib/libnio.dylib
0x0000000105c68000 	/Users/emelieskold/Library/Java/JavaVirtualMachines/openjdk-19.0.2/Contents/Home/lib/libnet.dylib
0x0000000105cb0000 	/Users/emelieskold/Library/Java/JavaVirtualMachines/openjdk-19.0.2/Contents/Home/lib/libzip.dylib
0x0000000100fe4000 	/Users/emelieskold/Library/Java/JavaVirtualMachines/openjdk-19.0.2/Contents/Home/lib/libextnet.dylib
0x0000000105c88000 	/Users/emelieskold/Library/Java/JavaVirtualMachines/openjdk-19.0.2/Contents/Home/lib/libverify.dylib
0x0000000105cd8000 	/Users/emelieskold/Library/Java/JavaVirtualMachines/openjdk-19.0.2/Contents/Home/lib/libinstrument.dylib


VM Arguments:
jvm_args: -Xdebug -Xnoagent -Djava.compiler=NONE -Xrunjdwp:transport=dt_socket,address=localhost:59316,server=n,suspend=y -ea -XX:+ShowCodeDetailsInExceptionMessages -Dfile.encoding=UTF-8 
java_command: org.eclipse.jdt.internal.junit.runner.RemoteTestRunner -version 3 -port 59313 -testLoaderClass org.eclipse.jdt.internal.junit5.runner.JUnit5TestLoader -loaderpluginname org.eclipse.jdt.junit5.runtime -testNameFile /var/folders/43/87319spj1r510snfsnzdl89r0000gn/T/testNames11381895169641192488.txt
java_class_path (initial): /Users/emelieskold/Desktop/testning och verifikation av inbygda system/ParkingProject_maven/ParkingSystemWithMavenTesting/target/test-classes:/Users/emelieskold/Desktop/testning och verifikation av inbygda system/ParkingProject_maven/ParkingSystemWithMavenTesting/target/classes:/Users/emelieskold/.m2/repository/org/junit/jupiter/junit-jupiter/5.8.1/junit-jupiter-5.8.1.jar:/Users/emelieskold/.m2/repository/org/junit/jupiter/junit-jupiter-api/5.8.1/junit-jupiter-api-5.8.1.jar:/Users/emelieskold/.m2/repository/org/opentest4j/opentest4j/1.2.0/opentest4j-1.2.0.jar:/Users/emelieskold/.m2/repository/org/junit/platform/junit-platform-commons/1.8.1/junit-platform-commons-1.8.1.jar:/Users/emelieskold/.m2/repository/org/apiguardian/apiguardian-api/1.1.2/apiguardian-api-1.1.2.jar:/Users/emelieskold/.m2/repository/org/junit/jupiter/junit-jupiter-params/5.8.1/junit-jupiter-params-5.8.1.jar:/Users/emelieskold/.m2/repository/org/junit/jupiter/junit-jupiter-engine/5.8.1/junit-jupiter-engine-5.8.1.jar:/Users/emelieskold/.m2/repository/org/junit/platform/junit-platform-engine/1.8.1/junit-platform-engine-1.8.1.jar:/Users/emelieskold/.m2/repository/junit/junit/4.13.1/junit-4.13.1.jar:/Users/emelieskold/.m2/repository/org/hamcrest/hamcrest-core/1.3/hamcrest-core-1.3.jar:/Users/emelieskold/.m2/repository/org/mockito/mockito-core/5.5.0/mockito-core-5.5.0.jar:/Users/emelieskold/.m2/repository/net/bytebuddy/byte-buddy/1.14.6/byte-buddy-1.14.6.jar:/Users/emelieskold/.m2/repository/net/bytebuddy/byte-buddy-agent/1.14.6/byte-buddy-agent-1.14.6.jar:/Users/emelieskold/.m2/repository/org/objenesis/objenesis/3.3/objenesis-3.3.jar:/Users/emelieskold/.m2/repository/org/junit/platform/junit-platform-launcher/1.8.1/junit-platform-launcher-1.8.1.jar:/Users/emelieskold/Library/Application Support/Code/User/globalStorage/redhat.java/1.22.1/config_mac/org.eclipse.osgi/107/0/.cp:/Users/emelieskold/Library/Application Support/Code/User/globalStorage/redhat.java/1.22.1/config_mac/org.eclipse.osgi/51/0/.cp
Launcher Type: SUN_STANDARD

[Global flags]
     intx CICompilerCount                          = 4                                         {product} {ergonomic}
     uint ConcGCThreads                            = 2                                         {product} {ergonomic}
     uint G1ConcRefinementThreads                  = 8                                         {product} {ergonomic}
   size_t G1HeapRegionSize                         = 1048576                                   {product} {ergonomic}
    uintx GCDrainStackTargetSize                   = 64                                        {product} {ergonomic}
   size_t InitialHeapSize                          = 134217728                                 {product} {ergonomic}
   size_t MarkStackSize                            = 4194304                                   {product} {ergonomic}
   size_t MaxHeapSize                              = 2147483648                                {product} {ergonomic}
   size_t MaxNewSize                               = 1287651328                                {product} {ergonomic}
   size_t MinHeapDeltaBytes                        = 1048576                                   {product} {ergonomic}
   size_t MinHeapSize                              = 8388608                                   {product} {ergonomic}
    uintx NonNMethodCodeHeapSize                   = 5839564                                {pd product} {ergonomic}
    uintx NonProfiledCodeHeapSize                  = 122909338                              {pd product} {ergonomic}
    uintx ProfiledCodeHeapSize                     = 122909338                              {pd product} {ergonomic}
    uintx ReservedCodeCacheSize                    = 251658240                              {pd product} {ergonomic}
     bool SegmentedCodeCache                       = true                                      {product} {ergonomic}
     bool ShowCodeDetailsInExceptionMessages       = true                                   {manageable} {command line}
   size_t SoftMaxHeapSize                          = 2147483648                             {manageable} {ergonomic}
     bool UseCompressedClassPointers               = true                           {product lp64_product} {ergonomic}
     bool UseCompressedOops                        = true                           {product lp64_product} {ergonomic}
     bool UseG1GC                                  = true                                      {product} {ergonomic}
     bool UseNUMA                                  = false                                     {product} {ergonomic}
     bool UseNUMAInterleaving                      = false                                     {product} {ergonomic}

Logging:
Log output configuration:
 #0: stdout all=warning uptime,level,tags foldmultilines=false
 #1: stderr all=off uptime,level,tags foldmultilines=false

Environment Variables:
JAVA_HOME=/Users/emelieskold/.sdkman/candidates/java/current
PATH=/Users/emelieskold/.sdkman/candidates/java/current/bin:/Users/emelieskold/.sdkman/candidates/gradle/current/bin:/opt/homebrew/bin:/opt/homebrew/sbin:/Library/Frameworks/Python.framework/Versions/3.9/bin:/usr/local/bin:/usr/bin:/bin:/usr/sbin:/sbin:/Library/TeX/texbin:/usr/local/share/dotnet:~/.dotnet/tools
SHELL=/bin/zsh
TMPDIR=/var/folders/43/87319spj1r510snfsnzdl89r0000gn/T/

Active Locale:
LC_ALL=C
LC_COLLATE=C
LC_CTYPE=C
LC_MESSAGES=C
LC_MONETARY=C
LC_NUMERIC=C
LC_TIME=C

Signal Handlers:
   SIGSEGV: crash_handler in libjvm.dylib, mask=11100110000111110111111111111111, flags=SA_RESTART|SA_SIGINFO
    SIGBUS: crash_handler in libjvm.dylib, mask=11100110000111110111111111111111, flags=SA_RESTART|SA_SIGINFO
    SIGFPE: crash_handler in libjvm.dylib, mask=11100110000111110111111111111111, flags=SA_RESTART|SA_SIGINFO
   SIGPIPE: javaSignalHandler in libjvm.dylib, mask=11100110000111110111111111111111, flags=SA_RESTART|SA_SIGINFO
   SIGXFSZ: javaSignalHandler in libjvm.dylib, mask=11100110000111110111111111111111, flags=SA_RESTART|SA_SIGINFO
    SIGILL: crash_handler in libjvm.dylib, mask=11100110000111110111111111111111, flags=SA_RESTART|SA_SIGINFO
   SIGUSR2: SR_handler in libjvm.dylib, mask=00100000000000000000000000000000, flags=SA_RESTART|SA_SIGINFO
    SIGHUP: UserHandler in libjvm.dylib, mask=11100110000111110111111111111111, flags=SA_RESTART|SA_SIGINFO
    SIGINT: UserHandler in libjvm.dylib, mask=11100110000111110111111111111111, flags=SA_RESTART|SA_SIGINFO
   SIGTERM: UserHandler in libjvm.dylib, mask=11100110000111110111111111111111, flags=SA_RESTART|SA_SIGINFO
   SIGQUIT: UserHandler in libjvm.dylib, mask=11100110000111110111111111111111, flags=SA_RESTART|SA_SIGINFO
   SIGTRAP: crash_handler in libjvm.dylib, mask=11100110000111110111111111111111, flags=SA_RESTART|SA_SIGINFO


---------------  S Y S T E M  ---------------

OS:
uname: Darwin 21.6.0 Darwin Kernel Version 21.6.0: Mon Aug 22 20:20:05 PDT 2022; root:xnu-8020.140.49~2/RELEASE_ARM64_T8101 arm64
OS uptime: 10 days 1:06 hours
rlimit (soft/hard): STACK 8176k/65520k , CORE 0k/infinity , NPROC 1333/2000 , NOFILE 10240/infinity , AS infinity/infinity , CPU infinity/infinity , DATA infinity/infinity , FSIZE infinity/infinity , MEMLOCK infinity/infinity , RSS infinity/infinity
load average: 2.07 2.27 1.90

CPU: total 8 (initial active 8) 0x61:0x0:0x1b588bb3:0, fp, simd, aes, pmull, crc32, lse

Memory: 16k page, physical 8388608k(74800k free), swap 3145728k(674880k free)

vm_info: OpenJDK 64-Bit Server VM (19.0.2+7-44) for bsd-aarch64 JRE (19.0.2+7-44), built on 2022-11-30T18:02:09Z by "mach5one" with clang Apple LLVM 12.0.0 (clang-1200.0.32.29)

END.
